Log file open, 01/30/22 19:43:50
LogWindows: Failed to load 'aqProf.dll' (GetLastError=126)
LogWindows: File 'aqProf.dll' does not exist
LogWindows: Failed to load 'VtuneApi.dll' (GetLastError=126)
LogWindows: File 'VtuneApi.dll' does not exist
LogWindows: Failed to load 'VtuneApi32e.dll' (GetLastError=126)
LogWindows: File 'VtuneApi32e.dll' does not exist
LogConsoleResponse: Display: Failed to find resolution value strings in scalability ini. Falling back to default.
LogConsoleResponse: Display: Failed to find resolution value strings in scalability ini. Falling back to default.
LogInit: Display: Running engine for game: UE4_FrogCircus
LogPlatformFile: Not using cached read wrapper
LogTaskGraph: Started task graph with 5 named threads and 20 total threads with 3 sets of task threads.
LogStats: Stats thread started at 0.803301
LogICUInternationalization: ICU TimeZone Detection - Raw Offset: +0:00, Platform Override: ''
LogInit: Display: Loading text-based GConfig....
LogPluginManager: Mounting plugin MeshPainting
LogPluginManager: Mounting plugin XGEController
LogPluginManager: Mounting plugin Paper2D
LogPluginManager: Mounting plugin LiveLink
LogPluginManager: Mounting plugin AISupport
LogPluginManager: Mounting plugin EnvironmentQueryEditor
LogPluginManager: Mounting plugin LightPropagationVolume
LogPluginManager: Mounting plugin CameraShakePreviewer
LogPluginManager: Mounting plugin GameplayCameras
LogPluginManager: Mounting plugin AssetManagerEditor
LogPluginManager: Mounting plugin CryptoKeys
LogPluginManager: Mounting plugin CurveEditorTools
LogPluginManager: Mounting plugin DataValidation
LogPluginManager: Mounting plugin OodleData
LogPluginManager: Mounting plugin FacialAnimation
LogPluginManager: Mounting plugin GameplayTagsEditor
LogPluginManager: Mounting plugin GeometryMode
LogPluginManager: Mounting plugin MacGraphicsSwitching
LogPluginManager: Mounting plugin MaterialAnalyzer
LogPluginManager: Mounting plugin MobileLauncherProfileWizard
LogPluginManager: Mounting plugin PluginBrowser
LogPluginManager: Mounting plugin SpeedTreeImporter
LogPluginManager: Mounting plugin OodleNetwork
LogPluginManager: Mounting plugin AnimationSharing
LogPluginManager: Mounting plugin CLionSourceCodeAccess
LogPluginManager: Mounting plugin GitSourceControl
LogPluginManager: Mounting plugin CodeLiteSourceCodeAccess
LogPluginManager: Mounting plugin PerforceSourceControl
LogPluginManager: Mounting plugin PixWinPlugin
LogPluginManager: Mounting plugin PlasticSourceControl
LogPluginManager: Mounting plugin PluginUtils
LogPluginManager: Mounting plugin NullSourceCodeAccess
LogPluginManager: Mounting plugin PropertyAccessNode
LogPluginManager: Mounting plugin RiderSourceCodeAccess
LogPluginManager: Mounting plugin SubversionSourceControl
LogPluginManager: Mounting plugin KDevelopSourceCodeAccess
LogPluginManager: Mounting plugin TextureFormatOodle
LogPluginManager: Mounting plugin UObjectPlugin
LogPluginManager: Mounting plugin VisualStudioSourceCodeAccess
LogPluginManager: Mounting plugin VisualStudioCodeSourceCodeAccess
LogPluginManager: Mounting plugin XCodeSourceCodeAccess
LogPluginManager: Mounting plugin DatasmithContent
LogPluginManager: Mounting plugin VariantManagerContent
LogPluginManager: Mounting plugin AlembicImporter
LogPluginManager: Mounting plugin AutomationUtils
LogPluginManager: Mounting plugin BackChannel
LogPluginManager: Mounting plugin ChaosCloth
LogPluginManager: Mounting plugin ChaosClothEditor
LogPluginManager: Mounting plugin ChaosEditor
LogPluginManager: Mounting plugin ChaosNiagara
LogPluginManager: Mounting plugin ChaosSolverPlugin
LogPluginManager: Mounting plugin CharacterAI
LogPluginManager: Mounting plugin Niagara
LogPluginManager: Mounting plugin GeometryCache
LogPluginManager: Mounting plugin GeometryCollectionPlugin
LogPluginManager: Mounting plugin GeometryProcessing
LogPluginManager: Mounting plugin MotoSynth
LogPluginManager: Mounting plugin OpenImageDenoise
LogPluginManager: Mounting plugin PlanarCut
LogPluginManager: Mounting plugin PlatformCrypto
LogPluginManager: Mounting plugin ProxyLODPlugin
LogPluginManager: Mounting plugin PythonScriptPlugin
LogPluginManager: Mounting plugin SkeletalReduction
LogPluginManager: Mounting plugin MagicLeap
LogPluginManager: Mounting plugin LuminPlatformFeatures
LogPluginManager: Mounting plugin MagicLeapLightEstimation
LogPluginManager: Mounting plugin MagicLeapMedia
LogPluginManager: Mounting plugin MagicLeapPassableWorld
LogPluginManager: Mounting plugin MLSDK
LogPluginManager: Mounting plugin AndroidMedia
LogPluginManager: Mounting plugin AvfMedia
LogPluginManager: Mounting plugin ImgMedia
LogPluginManager: Mounting plugin MediaCompositing
LogPluginManager: Mounting plugin MediaPlayerEditor
LogPluginManager: Mounting plugin WebMMedia
LogPluginManager: Mounting plugin WmfMedia
LogPluginManager: Mounting plugin TcpMessaging
LogPluginManager: Mounting plugin UdpMessaging
LogPluginManager: Mounting plugin ActorSequence
LogPluginManager: Mounting plugin LevelSequenceEditor
LogPluginManager: Mounting plugin MatineeToLevelSequence
LogPluginManager: Mounting plugin TemplateSequence
LogPluginManager: Mounting plugin OnlineSubsystem
LogPluginManager: Mounting plugin OnlineSubsystemNull
LogPluginManager: Mounting plugin OnlineSubsystemUtils
LogPluginManager: Mounting plugin LauncherChunkInstaller
LogPluginManager: Mounting plugin ActorLayerUtilities
LogPluginManager: Mounting plugin AndroidPermission
LogPluginManager: Mounting plugin AndroidDeviceProfileSelector
LogPluginManager: Mounting plugin AppleImageUtils
LogPluginManager: Mounting plugin AndroidMoviePlayer
LogPluginManager: Mounting plugin ArchVisCharacter
LogPluginManager: Mounting plugin AssetTags
LogPluginManager: Mounting plugin AudioCapture
LogPluginManager: Mounting plugin AppleMoviePlayer
LogPluginManager: Mounting plugin AudioSynesthesia
LogPluginManager: Mounting plugin CableComponent
LogPluginManager: Mounting plugin ChunkDownloader
LogPluginManager: Mounting plugin CustomMeshComponent
LogPluginManager: Mounting plugin EditableMesh
LogPluginManager: Mounting plugin ExampleDeviceProfileSelector
LogPluginManager: Mounting plugin GooglePAD
LogPluginManager: Mounting plugin GoogleCloudMessaging
LogPluginManager: Mounting plugin IOSDeviceProfileSelector
LogPluginManager: Mounting plugin LocationServicesBPLibrary
LogPluginManager: Mounting plugin LinuxDeviceProfileSelector
LogPluginManager: Mounting plugin MobilePatchingUtils
LogPluginManager: Mounting plugin OpenXR
LogPluginManager: Mounting plugin OpenXREyeTracker
LogPluginManager: Mounting plugin ScreenshotTools
LogPluginManager: Mounting plugin OpenXRHandTracking
LogPluginManager: Mounting plugin PhysXVehicles
LogPluginManager: Mounting plugin PostSplashScreen
LogPluginManager: Mounting plugin ProceduralMeshComponent
LogPluginManager: Mounting plugin PropertyAccessEditor
LogPluginManager: Mounting plugin RuntimePhysXCooking
LogPluginManager: Mounting plugin SignificanceManager
LogPluginManager: Mounting plugin SoundFields
LogPluginManager: Mounting plugin Synthesis
LogPluginManager: Mounting plugin Takes
LogPluginManager: Mounting plugin WebMMoviePlayer
LogPluginManager: Mounting plugin WindowsMoviePlayer
LogPluginManager: Mounting plugin ContentBrowserAssetDataSource
LogPluginManager: Mounting plugin ContentBrowserClassDataSource
LogPluginManager: Mounting plugin ContentBrowserFileDataSource
LogPluginManager: Mounting plugin OnlineSubsystemGooglePlay
LogPluginManager: Mounting plugin OnlineSubsystemIOS
LogPluginManager: Mounting plugin OculusVR
PixWinPlugin: PIX capture plugin failed to initialize! Check that the process is launched from PIX.
LogInit: Using libcurl 7.55.1-DEV
LogInit:  - built for x86_64-pc-win32
LogInit:  - supports SSL with OpenSSL/1.1.1
LogInit:  - supports HTTP deflate (compression) using libz 1.2.8
LogInit:  - other features:
LogInit:      CURL_VERSION_SSL
LogInit:      CURL_VERSION_LIBZ
LogInit:      CURL_VERSION_IPV6
LogInit:      CURL_VERSION_ASYNCHDNS
LogInit:      CURL_VERSION_LARGEFILE
LogInit:      CURL_VERSION_IDN
LogInit:  CurlRequestOptions (configurable via config and command line):
LogInit:  - bVerifyPeer = true  - Libcurl will verify peer certificate
LogInit:  - bUseHttpProxy = false  - Libcurl will NOT use HTTP proxy
LogInit:  - bDontReuseConnections = false  - Libcurl will reuse connections
LogInit:  - MaxHostConnections = 16  - Libcurl will limit the number of connections to a host
LogInit:  - LocalHostAddr = Default
LogInit:  - BufferSize = 65536
LogOnline: OSS: Creating online subsystem instance for: NULL
LogInit: WinSock: version 1.1 (2.2), MaxSocks=32767, MaxUdp=65467
LogOnline: OSS: TryLoadSubsystemAndSetDefault: Loaded subsystem for module [NULL]
LogOculusPluginWrapper: OculusPlugin initialized successfully
LogHMD: Failed initializing OVRPlugin 1.59.0
LogInit: Build: ++UE4+Release-4.27-CL-17735300
LogInit: Engine Version: 4.27.1-17735300+++UE4+Release-4.27
LogInit: Compatible Engine Version: 4.27.0-17155196+++UE4+Release-4.27
LogInit: Net CL: 17155196
LogInit: OS: Windows 10 (Release 2009) (), CPU: Intel(R) Core(TM) i5-9400F CPU @ 2.90GHz, GPU: Radeon RX 590 Series
LogInit: Compiled (64-bit): Oct  6 2021 14:42:51
LogInit: Compiled with Visual C++: 19.24.28315.00
LogInit: Build Configuration: Development
LogInit: Branch Name: ++UE4+Release-4.27
LogInit: Command Line: 
LogInit: Base Directory: C:/Program Files/Epic Games/UE_4.27/Engine/Binaries/Win64/
LogInit: Allocator: TBB
LogInit: Installed Engine Build: 1
LogDevObjectVersion: Number of dev versions registered: 29
LogDevObjectVersion:   Dev-Blueprints (B0D832E4-1F89-4F0D-ACCF-7EB736FD4AA2): 10
LogDevObjectVersion:   Dev-Build (E1C64328-A22C-4D53-A36C-8E866417BD8C): 0
LogDevObjectVersion:   Dev-Core (375EC13C-06E4-48FB-B500-84F0262A717E): 4
LogDevObjectVersion:   Dev-Editor (E4B068ED-F494-42E9-A231-DA0B2E46BB41): 40
LogDevObjectVersion:   Dev-Framework (CFFC743F-43B0-4480-9391-14DF171D2073): 37
LogDevObjectVersion:   Dev-Mobile (B02B49B5-BB20-44E9-A304-32B752E40360): 3
LogDevObjectVersion:   Dev-Networking (A4E4105C-59A1-49B5-A7C5-40C4547EDFEE): 0
LogDevObjectVersion:   Dev-Online (39C831C9-5AE6-47DC-9A44-9C173E1C8E7C): 0
LogDevObjectVersion:   Dev-Physics (78F01B33-EBEA-4F98-B9B4-84EACCB95AA2): 14
LogDevObjectVersion:   Dev-Platform (6631380F-2D4D-43E0-8009-CF276956A95A): 0
LogDevObjectVersion:   Dev-Rendering (12F88B9F-8875-4AFC-A67C-D90C383ABD29): 45
LogDevObjectVersion:   Dev-Sequencer (7B5AE74C-D270-4C10-A958-57980B212A5A): 13
LogDevObjectVersion:   Dev-VR (D7296918-1DD6-4BDD-9DE2-64A83CC13884): 3
LogDevObjectVersion:   Dev-LoadTimes (C2A15278-BFE7-4AFE-6C17-90FF531DF755): 1
LogDevObjectVersion:   Private-Geometry (6EACA3D4-40EC-4CC1-B786-8BED09428FC5): 3
LogDevObjectVersion:   Dev-AnimPhys (29E575DD-E0A3-4627-9D10-D276232CDCEA): 17
LogDevObjectVersion:   Dev-Anim (AF43A65D-7FD3-4947-9873-3E8ED9C1BB05): 15
LogDevObjectVersion:   Dev-ReflectionCapture (6B266CEC-1EC7-4B8F-A30B-E4D90942FC07): 1
LogDevObjectVersion:   Dev-Automation (0DF73D61-A23F-47EA-B727-89E90C41499A): 1
LogDevObjectVersion:   FortniteMain (601D1886-AC64-4F84-AA16-D3DE0DEAC7D6): 47
LogDevObjectVersion:   FortniteRelease (E7086368-6B23-4C58-8439-1B7016265E91): 1
LogDevObjectVersion:   Dev-Enterprise (9DFFBCD6-494F-0158-E221-12823C92A888): 10
LogDevObjectVersion:   Dev-Niagara (F2AED0AC-9AFE-416F-8664-AA7FFA26D6FC): 1
LogDevObjectVersion:   Dev-Destruction (174F1F0B-B4C6-45A5-B13F-2EE8D0FB917D): 10
LogDevObjectVersion:   Dev-Physics-Ext (35F94A83-E258-406C-A318-09F59610247C): 41
LogDevObjectVersion:   Dev-PhysicsMaterial-Chaos (B68FC16E-8B1B-42E2-B453-215C058844FE): 1
LogDevObjectVersion:   Dev-CineCamera (B2E18506-4273-CFC2-A54E-F4BB758BBA07): 1
LogDevObjectVersion:   Dev-VirtualProduction (64F58936-FD1B-42BA-BA96-7289D5D0FA4E): 1
LogDevObjectVersion:   Dev-MediaFramework (6F0ED827-A609-4895-9C91-998D90180EA4): 2
LogInit: Presizing for max 25165824 objects, including 0 objects not considered by GC, pre-allocating 0 bytes for permanent pool.
LogConfig: Applying CVar settings from Section [/Script/Engine.StreamingSettings] File [E:/Uni/Year 2/Multidiciplinary Production/Git_Test/FrogCircusVR/Saved/Config/Windows/Engine.ini]
LogConfig: Setting CVar [[s.MinBulkDataSizeForAsyncLoading:131072]]
LogConfig: Setting CVar [[s.AsyncLoadingThreadEnabled:0]]
LogConfig: Setting CVar [[s.EventDrivenLoaderEnabled:1]]
LogConfig: Setting CVar [[s.WarnIfTimeLimitExceeded:0]]
LogConfig: Setting CVar [[s.TimeLimitExceededMultiplier:1.5]]
LogConfig: Setting CVar [[s.TimeLimitExceededMinTime:0.005]]
LogConfig: Setting CVar [[s.UseBackgroundLevelStreaming:1]]
LogConfig: Setting CVar [[s.PriorityAsyncLoadingExtraTime:15.0]]
LogConfig: Setting CVar [[s.LevelStreamingActorsUpdateTimeLimit:5.0]]
LogConfig: Setting CVar [[s.PriorityLevelStreamingActorsUpdateExtraTime:5.0]]
LogConfig: Setting CVar [[s.LevelStreamingComponentsRegistrationGranularity:10]]
LogConfig: Setting CVar [[s.UnregisterComponentsTimeLimit:1.0]]
LogConfig: Setting CVar [[s.LevelStreamingComponentsUnregistrationGranularity:5]]
LogConfig: Setting CVar [[s.FlushStreamingOnExit:1]]
LogInit: Object subsystem initialized
LogConfig: Setting CVar [[con.DebugEarlyDefault:1]]
LogConfig: Setting CVar [[r.setres:1280x720]]
[2022.01.30-19.43.51:539][  0]LogConfig: Setting CVar [[r.VSync:0]]
[2022.01.30-19.43.51:539][  0]LogConfig: Setting CVar [[r.RHICmdBypass:0]]
[2022.01.30-19.43.51:540][  0]LogConfig: Applying CVar settings from Section [/Script/Engine.RendererSettings] File [E:/Uni/Year 2/Multidiciplinary Production/Git_Test/FrogCircusVR/Saved/Config/Windows/Engine.ini]
[2022.01.30-19.43.51:540][  0]LogConfig: Setting CVar [[r.GPUCrashDebugging:0]]
[2022.01.30-19.43.51:540][  0]LogConfig: Setting CVar [[r.GenerateMeshDistanceFields:1]]
[2022.01.30-19.43.51:540][  0]LogConfig: Applying CVar settings from Section [/Script/Engine.RendererOverrideSettings] File [E:/Uni/Year 2/Multidiciplinary Production/Git_Test/FrogCircusVR/Saved/Config/Windows/Engine.ini]
[2022.01.30-19.43.51:540][  0]LogConfig: Applying CVar settings from Section [/Script/Engine.StreamingSettings] File [E:/Uni/Year 2/Multidiciplinary Production/Git_Test/FrogCircusVR/Saved/Config/Windows/Engine.ini]
[2022.01.30-19.43.51:540][  0]LogConfig: Setting CVar [[s.MinBulkDataSizeForAsyncLoading:131072]]
[2022.01.30-19.43.51:540][  0]LogConfig: Setting CVar [[s.AsyncLoadingThreadEnabled:0]]
[2022.01.30-19.43.51:540][  0]LogConfig: Setting CVar [[s.EventDrivenLoaderEnabled:1]]
[2022.01.30-19.43.51:540][  0]LogConfig: Setting CVar [[s.WarnIfTimeLimitExceeded:0]]
[2022.01.30-19.43.51:540][  0]LogConfig: Setting CVar [[s.TimeLimitExceededMultiplier:1.5]]
[2022.01.30-19.43.51:540][  0]LogConfig: Setting CVar [[s.TimeLimitExceededMinTime:0.005]]
[2022.01.30-19.43.51:540][  0]LogConfig: Setting CVar [[s.UseBackgroundLevelStreaming:1]]
[2022.01.30-19.43.51:540][  0]LogConfig: Setting CVar [[s.PriorityAsyncLoadingExtraTime:15.0]]
[2022.01.30-19.43.51:540][  0]LogConfig: Setting CVar [[s.LevelStreamingActorsUpdateTimeLimit:5.0]]
[2022.01.30-19.43.51:540][  0]LogConfig: Setting CVar [[s.PriorityLevelStreamingActorsUpdateExtraTime:5.0]]
[2022.01.30-19.43.51:540][  0]LogConfig: Setting CVar [[s.LevelStreamingComponentsRegistrationGranularity:10]]
[2022.01.30-19.43.51:540][  0]LogConfig: Setting CVar [[s.UnregisterComponentsTimeLimit:1.0]]
[2022.01.30-19.43.51:540][  0]LogConfig: Setting CVar [[s.LevelStreamingComponentsUnregistrationGranularity:5]]
[2022.01.30-19.43.51:540][  0]LogConfig: Setting CVar [[s.FlushStreamingOnExit:1]]
[2022.01.30-19.43.51:540][  0]LogConfig: Applying CVar settings from Section [/Script/Engine.GarbageCollectionSettings] File [E:/Uni/Year 2/Multidiciplinary Production/Git_Test/FrogCircusVR/Saved/Config/Windows/Engine.ini]
[2022.01.30-19.43.51:541][  0]LogConfig: Setting CVar [[gc.MaxObjectsNotConsideredByGC:1]]
[2022.01.30-19.43.51:541][  0]LogConfig: Setting CVar [[gc.SizeOfPermanentObjectPool:0]]
[2022.01.30-19.43.51:541][  0]LogConfig: Setting CVar [[gc.FlushStreamingOnGC:0]]
[2022.01.30-19.43.51:541][  0]LogConfig: Setting CVar [[gc.NumRetriesBeforeForcingGC:10]]
[2022.01.30-19.43.51:541][  0]LogConfig: Setting CVar [[gc.AllowParallelGC:1]]
[2022.01.30-19.43.51:541][  0]LogConfig: Setting CVar [[gc.TimeBetweenPurgingPendingKillObjects:61.1]]
[2022.01.30-19.43.51:541][  0]LogConfig: Setting CVar [[gc.MaxObjectsInEditor:25165824]]
[2022.01.30-19.43.51:541][  0]LogConfig: Setting CVar [[gc.IncrementalBeginDestroyEnabled:1]]
[2022.01.30-19.43.51:541][  0]LogConfig: Setting CVar [[gc.CreateGCClusters:1]]
[2022.01.30-19.43.51:541][  0]LogConfig: Setting CVar [[gc.MinGCClusterSize:5]]
[2022.01.30-19.43.51:541][  0]LogConfig: Setting CVar [[gc.ActorClusteringEnabled:0]]
[2022.01.30-19.43.51:541][  0]LogConfig: Setting CVar [[gc.BlueprintClusteringEnabled:0]]
[2022.01.30-19.43.51:541][  0]LogConfig: Setting CVar [[gc.UseDisregardForGCOnDedicatedServers:0]]
[2022.01.30-19.43.51:541][  0]LogConfig: Setting CVar [[gc.MultithreadedDestructionEnabled:1]]
[2022.01.30-19.43.51:541][  0]LogConfig: Applying CVar settings from Section [/Script/Engine.NetworkSettings] File [E:/Uni/Year 2/Multidiciplinary Production/Git_Test/FrogCircusVR/Saved/Config/Windows/Engine.ini]
[2022.01.30-19.43.51:541][  0]LogConfig: Applying CVar settings from Section [/Script/UnrealEd.CookerSettings] File [E:/Uni/Year 2/Multidiciplinary Production/Git_Test/FrogCircusVR/Saved/Config/Windows/Engine.ini]
[2022.01.30-19.43.51:548][  0]LogConfig: Applying CVar settings from Section [ViewDistanceQuality@3] File [E:/Uni/Year 2/Multidiciplinary Production/Git_Test/FrogCircusVR/Saved/Config/Windows/Scalability.ini]
[2022.01.30-19.43.51:548][  0]LogConfig: Setting CVar [[r.SkeletalMeshLODBias:0]]
[2022.01.30-19.43.51:548][  0]LogConfig: Setting CVar [[r.ViewDistanceScale:1.0]]
[2022.01.30-19.43.51:548][  0]LogConfig: Applying CVar settings from Section [AntiAliasingQuality@3] File [E:/Uni/Year 2/Multidiciplinary Production/Git_Test/FrogCircusVR/Saved/Config/Windows/Scalability.ini]
[2022.01.30-19.43.51:548][  0]LogConfig: Setting CVar [[r.PostProcessAAQuality:4]]
[2022.01.30-19.43.51:548][  0]LogConfig: Applying CVar settings from Section [ShadowQuality@3] File [E:/Uni/Year 2/Multidiciplinary Production/Git_Test/FrogCircusVR/Saved/Config/Windows/Scalability.ini]
[2022.01.30-19.43.51:548][  0]LogConfig: Setting CVar [[r.LightFunctionQuality:1]]
[2022.01.30-19.43.51:548][  0]LogConfig: Setting CVar [[r.ShadowQuality:5]]
[2022.01.30-19.43.51:548][  0]LogConfig: Setting CVar [[r.Shadow.CSM.MaxCascades:10]]
[2022.01.30-19.43.51:548][  0]LogConfig: Setting CVar [[r.Shadow.MaxResolution:2048]]
[2022.01.30-19.43.51:548][  0]LogConfig: Setting CVar [[r.Shadow.MaxCSMResolution:2048]]
[2022.01.30-19.43.51:548][  0]LogConfig: Setting CVar [[r.Shadow.RadiusThreshold:0.01]]
[2022.01.30-19.43.51:548][  0]LogConfig: Setting CVar [[r.Shadow.DistanceScale:1.0]]
[2022.01.30-19.43.51:548][  0]LogConfig: Setting CVar [[r.Shadow.CSM.TransitionScale:1.0]]
[2022.01.30-19.43.51:548][  0]LogConfig: Setting CVar [[r.Shadow.PreShadowResolutionFactor:1.0]]
[2022.01.30-19.43.51:548][  0]LogConfig: Setting CVar [[r.DistanceFieldShadowing:1]]
[2022.01.30-19.43.51:548][  0]LogConfig: Setting CVar [[r.DistanceFieldAO:1]]
[2022.01.30-19.43.51:548][  0]LogConfig: Setting CVar [[r.AOQuality:2]]
[2022.01.30-19.43.51:548][  0]LogConfig: Setting CVar [[r.VolumetricFog:1]]
[2022.01.30-19.43.51:548][  0]LogConfig: Setting CVar [[r.VolumetricFog.GridPixelSize:8]]
[2022.01.30-19.43.51:548][  0]LogConfig: Setting CVar [[r.VolumetricFog.GridSizeZ:128]]
[2022.01.30-19.43.51:548][  0]LogConfig: Setting CVar [[r.VolumetricFog.HistoryMissSupersampleCount:4]]
[2022.01.30-19.43.51:548][  0]LogConfig: Setting CVar [[r.LightMaxDrawDistanceScale:1]]
[2022.01.30-19.43.51:549][  0]LogConfig: Setting CVar [[r.CapsuleShadows:1]]
[2022.01.30-19.43.51:549][  0]LogConfig: Applying CVar settings from Section [PostProcessQuality@3] File [E:/Uni/Year 2/Multidiciplinary Production/Git_Test/FrogCircusVR/Saved/Config/Windows/Scalability.ini]
[2022.01.30-19.43.51:549][  0]LogConfig: Setting CVar [[r.MotionBlurQuality:4]]
[2022.01.30-19.43.51:549][  0]LogConfig: Setting CVar [[r.AmbientOcclusionMipLevelFactor:0.4]]
[2022.01.30-19.43.51:549][  0]LogConfig: Setting CVar [[r.AmbientOcclusionMaxQuality:100]]
[2022.01.30-19.43.51:549][  0]LogConfig: Setting CVar [[r.AmbientOcclusionLevels:-1]]
[2022.01.30-19.43.51:549][  0]LogConfig: Setting CVar [[r.AmbientOcclusionRadiusScale:1.0]]
[2022.01.30-19.43.51:549][  0]LogConfig: Setting CVar [[r.DepthOfFieldQuality:2]]
[2022.01.30-19.43.51:549][  0]LogConfig: Setting CVar [[r.RenderTargetPoolMin:400]]
[2022.01.30-19.43.51:549][  0]LogConfig: Setting CVar [[r.LensFlareQuality:2]]
[2022.01.30-19.43.51:549][  0]LogConfig: Setting CVar [[r.SceneColorFringeQuality:1]]
[2022.01.30-19.43.51:549][  0]LogConfig: Setting CVar [[r.EyeAdaptationQuality:2]]
[2022.01.30-19.43.51:549][  0]LogConfig: Setting CVar [[r.BloomQuality:5]]
[2022.01.30-19.43.51:549][  0]LogConfig: Setting CVar [[r.FastBlurThreshold:100]]
[2022.01.30-19.43.51:549][  0]LogConfig: Setting CVar [[r.Upscale.Quality:3]]
[2022.01.30-19.43.51:549][  0]LogConfig: Setting CVar [[r.Tonemapper.GrainQuantization:1]]
[2022.01.30-19.43.51:549][  0]LogConfig: Setting CVar [[r.LightShaftQuality:1]]
[2022.01.30-19.43.51:549][  0]LogConfig: Setting CVar [[r.Filter.SizeScale:1]]
[2022.01.30-19.43.51:549][  0]LogConfig: Setting CVar [[r.Tonemapper.Quality:5]]
[2022.01.30-19.43.51:549][  0]LogConfig: Setting CVar [[r.DOF.Gather.AccumulatorQuality:1        ; higher gathering accumulator quality]]
[2022.01.30-19.43.51:549][  0]LogConfig: Setting CVar [[r.DOF.Gather.PostfilterMethod:1          ; Median3x3 postfilering method]]
[2022.01.30-19.43.51:549][  0]LogConfig: Setting CVar [[r.DOF.Gather.EnableBokehSettings:0       ; no bokeh simulation when gathering]]
[2022.01.30-19.43.51:549][  0]LogConfig: Setting CVar [[r.DOF.Gather.RingCount:4                 ; medium number of samples when gathering]]
[2022.01.30-19.43.51:549][  0]LogConfig: Setting CVar [[r.DOF.Scatter.ForegroundCompositing:1    ; additive foreground scattering]]
[2022.01.30-19.43.51:549][  0]LogConfig: Setting CVar [[r.DOF.Scatter.BackgroundCompositing:2    ; additive background scattering]]
[2022.01.30-19.43.51:549][  0]LogConfig: Setting CVar [[r.DOF.Scatter.EnableBokehSettings:1      ; bokeh simulation when scattering]]
[2022.01.30-19.43.51:549][  0]LogConfig: Setting CVar [[r.DOF.Scatter.MaxSpriteRatio:0.1         ; only a maximum of 10% of scattered bokeh]]
[2022.01.30-19.43.51:549][  0]LogConfig: Setting CVar [[r.DOF.Recombine.Quality:1                ; cheap slight out of focus]]
[2022.01.30-19.43.51:549][  0]LogConfig: Setting CVar [[r.DOF.Recombine.EnableBokehSettings:0    ; no bokeh simulation on slight out of focus]]
[2022.01.30-19.43.51:549][  0]LogConfig: Setting CVar [[r.DOF.TemporalAAQuality:1                ; more stable temporal accumulation]]
[2022.01.30-19.43.51:549][  0]LogConfig: Setting CVar [[r.DOF.Kernel.MaxForegroundRadius:0.025]]
[2022.01.30-19.43.51:549][  0]LogConfig: Setting CVar [[r.DOF.Kernel.MaxBackgroundRadius:0.025]]
[2022.01.30-19.43.51:549][  0]LogConfig: Applying CVar settings from Section [TextureQuality@3] File [E:/Uni/Year 2/Multidiciplinary Production/Git_Test/FrogCircusVR/Saved/Config/Windows/Scalability.ini]
[2022.01.30-19.43.51:549][  0]LogConfig: Setting CVar [[r.Streaming.MipBias:0]]
[2022.01.30-19.43.51:549][  0]LogConfig: Setting CVar [[r.Streaming.AmortizeCPUToGPUCopy:0]]
[2022.01.30-19.43.51:549][  0]LogConfig: Setting CVar [[r.Streaming.MaxNumTexturesToStreamPerFrame:0]]
[2022.01.30-19.43.51:549][  0]LogConfig: Setting CVar [[r.Streaming.Boost:1]]
[2022.01.30-19.43.51:549][  0]LogConfig: Setting CVar [[r.MaxAnisotropy:8]]
[2022.01.30-19.43.51:549][  0]LogConfig: Setting CVar [[r.VT.MaxAnisotropy:8]]
[2022.01.30-19.43.51:549][  0]LogConfig: Setting CVar [[r.Streaming.LimitPoolSizeToVRAM:0]]
[2022.01.30-19.43.51:549][  0]LogConfig: Setting CVar [[r.Streaming.PoolSize:1000]]
[2022.01.30-19.43.51:549][  0]LogConfig: Setting CVar [[r.Streaming.MaxEffectiveScreenSize:0]]
[2022.01.30-19.43.51:549][  0]LogConfig: Applying CVar settings from Section [EffectsQuality@3] File [E:/Uni/Year 2/Multidiciplinary Production/Git_Test/FrogCircusVR/Saved/Config/Windows/Scalability.ini]
[2022.01.30-19.43.51:549][  0]LogConfig: Setting CVar [[r.TranslucencyLightingVolumeDim:64]]
[2022.01.30-19.43.51:549][  0]LogConfig: Setting CVar [[r.RefractionQuality:2]]
[2022.01.30-19.43.51:549][  0]LogConfig: Setting CVar [[r.SSR.Quality:3]]
[2022.01.30-19.43.51:549][  0]LogConfig: Setting CVar [[r.SSR.HalfResSceneColor:0]]
[2022.01.30-19.43.51:549][  0]LogConfig: Setting CVar [[r.SceneColorFormat:4]]
[2022.01.30-19.43.51:549][  0]LogConfig: Setting CVar [[r.DetailMode:2]]
[2022.01.30-19.43.51:549][  0]LogConfig: Setting CVar [[r.TranslucencyVolumeBlur:1]]
[2022.01.30-19.43.51:549][  0]LogConfig: Setting CVar [[r.MaterialQualityLevel:1 ; High quality]]
[2022.01.30-19.43.51:549][  0]LogConfig: Setting CVar [[r.AnisotropicMaterials:1]]
[2022.01.30-19.43.51:549][  0]LogConfig: Setting CVar [[r.SSS.Scale:1]]
[2022.01.30-19.43.51:549][  0]LogConfig: Setting CVar [[r.SSS.SampleSet:2]]
[2022.01.30-19.43.51:549][  0]LogConfig: Setting CVar [[r.SSS.Quality:1]]
[2022.01.30-19.43.51:550][  0]LogConfig: Setting CVar [[r.SSS.HalfRes:0]]
[2022.01.30-19.43.51:550][  0]LogConfig: Setting CVar [[r.SSGI.Quality:3]]
[2022.01.30-19.43.51:550][  0]LogConfig: Setting CVar [[r.EmitterSpawnRateScale:1.0]]
[2022.01.30-19.43.51:550][  0]LogConfig: Setting CVar [[r.ParticleLightQuality:2]]
[2022.01.30-19.43.51:550][  0]LogConfig: Setting CVar [[r.SkyAtmosphere.AerialPerspectiveLUT.FastApplyOnOpaque:1 ; Always have FastSkyLUT 1 in this case to avoid wrong sky]]
[2022.01.30-19.43.51:550][  0]LogConfig: Setting CVar [[r.SkyAtmosphere.AerialPerspectiveLUT.SampleCountMaxPerSlice:4]]
[2022.01.30-19.43.51:550][  0]LogConfig: Setting CVar [[r.SkyAtmosphere.AerialPerspectiveLUT.DepthResolution:16.0]]
[2022.01.30-19.43.51:550][  0]LogConfig: Setting CVar [[r.SkyAtmosphere.FastSkyLUT:1]]
[2022.01.30-19.43.51:550][  0]LogConfig: Setting CVar [[r.SkyAtmosphere.FastSkyLUT.SampleCountMin:4.0]]
[2022.01.30-19.43.51:550][  0]LogConfig: Setting CVar [[r.SkyAtmosphere.FastSkyLUT.SampleCountMax:128.0]]
[2022.01.30-19.43.51:550][  0]LogConfig: Setting CVar [[r.SkyAtmosphere.SampleCountMin:4.0]]
[2022.01.30-19.43.51:550][  0]LogConfig: Setting CVar [[r.SkyAtmosphere.SampleCountMax:128.0]]
[2022.01.30-19.43.51:550][  0]LogConfig: Setting CVar [[r.SkyAtmosphere.TransmittanceLUT.UseSmallFormat:0]]
[2022.01.30-19.43.51:550][  0]LogConfig: Setting CVar [[r.SkyAtmosphere.TransmittanceLUT.SampleCount:10.0]]
[2022.01.30-19.43.51:550][  0]LogConfig: Setting CVar [[r.SkyAtmosphere.MultiScatteringLUT.SampleCount:15.0]]
[2022.01.30-19.43.51:550][  0]LogConfig: Setting CVar [[r.SkyLight.RealTimeReflectionCapture:1]]
[2022.01.30-19.43.51:550][  0]LogConfig: Applying CVar settings from Section [FoliageQuality@3] File [E:/Uni/Year 2/Multidiciplinary Production/Git_Test/FrogCircusVR/Saved/Config/Windows/Scalability.ini]
[2022.01.30-19.43.51:550][  0]LogConfig: Setting CVar [[foliage.DensityScale:1.0]]
[2022.01.30-19.43.51:550][  0]LogConfig: Setting CVar [[grass.DensityScale:1.0]]
[2022.01.30-19.43.51:550][  0]LogConfig: Applying CVar settings from Section [ShadingQuality@3] File [E:/Uni/Year 2/Multidiciplinary Production/Git_Test/FrogCircusVR/Saved/Config/Windows/Scalability.ini]
[2022.01.30-19.43.51:550][  0]LogConfig: Setting CVar [[r.HairStrands.SkyLighting.IntegrationType:2]]
[2022.01.30-19.43.51:550][  0]LogConfig: Setting CVar [[r.HairStrands.SkyAO.SampleCount:4]]
[2022.01.30-19.43.51:550][  0]LogConfig: Setting CVar [[r.HairStrands.Visibility.MSAA.SamplePerPixel:4]]
[2022.01.30-19.43.51:550][  0]LogInit: Selected Device Profile: [Windows]
[2022.01.30-19.43.51:550][  0]LogInit: Applying CVar settings loaded from the selected device profile: [Windows]
[2022.01.30-19.43.51:551][  0]LogHAL: Display: Platform has ~ 16 GB [17121353728 / 17179869184 / 16], which maps to Larger [LargestMinGB=32, LargerMinGB=12, DefaultMinGB=8, SmallerMinGB=6, SmallestMinGB=0)
[2022.01.30-19.43.51:551][  0]LogInit: Going up to parent DeviceProfile []
[2022.01.30-19.43.51:551][  0]LogConfig: Applying CVar settings from Section [ViewDistanceQuality@3] File [E:/Uni/Year 2/Multidiciplinary Production/Git_Test/FrogCircusVR/Saved/Config/Windows/Scalability.ini]
[2022.01.30-19.43.51:551][  0]LogConfig: Setting CVar [[r.SkeletalMeshLODBias:0]]
[2022.01.30-19.43.51:551][  0]LogConfig: Setting CVar [[r.ViewDistanceScale:1.0]]
[2022.01.30-19.43.51:551][  0]LogConfig: Applying CVar settings from Section [AntiAliasingQuality@3] File [E:/Uni/Year 2/Multidiciplinary Production/Git_Test/FrogCircusVR/Saved/Config/Windows/Scalability.ini]
[2022.01.30-19.43.51:551][  0]LogConfig: Setting CVar [[r.PostProcessAAQuality:4]]
[2022.01.30-19.43.51:551][  0]LogConfig: Applying CVar settings from Section [ShadowQuality@3] File [E:/Uni/Year 2/Multidiciplinary Production/Git_Test/FrogCircusVR/Saved/Config/Windows/Scalability.ini]
[2022.01.30-19.43.51:551][  0]LogConfig: Setting CVar [[r.LightFunctionQuality:1]]
[2022.01.30-19.43.51:551][  0]LogConfig: Setting CVar [[r.ShadowQuality:5]]
[2022.01.30-19.43.51:551][  0]LogConfig: Setting CVar [[r.Shadow.CSM.MaxCascades:10]]
[2022.01.30-19.43.51:551][  0]LogConfig: Setting CVar [[r.Shadow.MaxResolution:2048]]
[2022.01.30-19.43.51:551][  0]LogConfig: Setting CVar [[r.Shadow.MaxCSMResolution:2048]]
[2022.01.30-19.43.51:551][  0]LogConfig: Setting CVar [[r.Shadow.RadiusThreshold:0.01]]
[2022.01.30-19.43.51:551][  0]LogConfig: Setting CVar [[r.Shadow.DistanceScale:1.0]]
[2022.01.30-19.43.51:551][  0]LogConfig: Setting CVar [[r.Shadow.CSM.TransitionScale:1.0]]
[2022.01.30-19.43.51:551][  0]LogConfig: Setting CVar [[r.Shadow.PreShadowResolutionFactor:1.0]]
[2022.01.30-19.43.51:551][  0]LogConfig: Setting CVar [[r.DistanceFieldShadowing:1]]
[2022.01.30-19.43.51:551][  0]LogConfig: Setting CVar [[r.DistanceFieldAO:1]]
[2022.01.30-19.43.51:551][  0]LogConfig: Setting CVar [[r.AOQuality:2]]
[2022.01.30-19.43.51:551][  0]LogConfig: Setting CVar [[r.VolumetricFog:1]]
[2022.01.30-19.43.51:551][  0]LogConfig: Setting CVar [[r.VolumetricFog.GridPixelSize:8]]
[2022.01.30-19.43.51:551][  0]LogConfig: Setting CVar [[r.VolumetricFog.GridSizeZ:128]]
[2022.01.30-19.43.51:551][  0]LogConfig: Setting CVar [[r.VolumetricFog.HistoryMissSupersampleCount:4]]
[2022.01.30-19.43.51:551][  0]LogConfig: Setting CVar [[r.LightMaxDrawDistanceScale:1]]
[2022.01.30-19.43.51:551][  0]LogConfig: Setting CVar [[r.CapsuleShadows:1]]
[2022.01.30-19.43.51:551][  0]LogConfig: Applying CVar settings from Section [PostProcessQuality@3] File [E:/Uni/Year 2/Multidiciplinary Production/Git_Test/FrogCircusVR/Saved/Config/Windows/Scalability.ini]
[2022.01.30-19.43.51:551][  0]LogConfig: Setting CVar [[r.MotionBlurQuality:4]]
[2022.01.30-19.43.51:551][  0]LogConfig: Setting CVar [[r.AmbientOcclusionMipLevelFactor:0.4]]
[2022.01.30-19.43.51:551][  0]LogConfig: Setting CVar [[r.AmbientOcclusionMaxQuality:100]]
[2022.01.30-19.43.51:551][  0]LogConfig: Setting CVar [[r.AmbientOcclusionLevels:-1]]
[2022.01.30-19.43.51:551][  0]LogConfig: Setting CVar [[r.AmbientOcclusionRadiusScale:1.0]]
[2022.01.30-19.43.51:551][  0]LogConfig: Setting CVar [[r.DepthOfFieldQuality:2]]
[2022.01.30-19.43.51:551][  0]LogConfig: Setting CVar [[r.RenderTargetPoolMin:400]]
[2022.01.30-19.43.51:551][  0]LogConfig: Setting CVar [[r.LensFlareQuality:2]]
[2022.01.30-19.43.51:551][  0]LogConfig: Setting CVar [[r.SceneColorFringeQuality:1]]
[2022.01.30-19.43.51:551][  0]LogConfig: Setting CVar [[r.EyeAdaptationQuality:2]]
[2022.01.30-19.43.51:551][  0]LogConfig: Setting CVar [[r.BloomQuality:5]]
[2022.01.30-19.43.51:551][  0]LogConfig: Setting CVar [[r.FastBlurThreshold:100]]
[2022.01.30-19.43.51:551][  0]LogConfig: Setting CVar [[r.Upscale.Quality:3]]
[2022.01.30-19.43.51:551][  0]LogConfig: Setting CVar [[r.Tonemapper.GrainQuantization:1]]
[2022.01.30-19.43.51:551][  0]LogConfig: Setting CVar [[r.LightShaftQuality:1]]
[2022.01.30-19.43.51:551][  0]LogConfig: Setting CVar [[r.Filter.SizeScale:1]]
[2022.01.30-19.43.51:551][  0]LogConfig: Setting CVar [[r.Tonemapper.Quality:5]]
[2022.01.30-19.43.51:551][  0]LogConfig: Setting CVar [[r.DOF.Gather.AccumulatorQuality:1        ; higher gathering accumulator quality]]
[2022.01.30-19.43.51:551][  0]LogConfig: Setting CVar [[r.DOF.Gather.PostfilterMethod:1          ; Median3x3 postfilering method]]
[2022.01.30-19.43.51:551][  0]LogConfig: Setting CVar [[r.DOF.Gather.EnableBokehSettings:0       ; no bokeh simulation when gathering]]
[2022.01.30-19.43.51:551][  0]LogConfig: Setting CVar [[r.DOF.Gather.RingCount:4                 ; medium number of samples when gathering]]
[2022.01.30-19.43.51:551][  0]LogConfig: Setting CVar [[r.DOF.Scatter.ForegroundCompositing:1    ; additive foreground scattering]]
[2022.01.30-19.43.51:551][  0]LogConfig: Setting CVar [[r.DOF.Scatter.BackgroundCompositing:2    ; additive background scattering]]
[2022.01.30-19.43.51:551][  0]LogConfig: Setting CVar [[r.DOF.Scatter.EnableBokehSettings:1      ; bokeh simulation when scattering]]
[2022.01.30-19.43.51:551][  0]LogConfig: Setting CVar [[r.DOF.Scatter.MaxSpriteRatio:0.1         ; only a maximum of 10% of scattered bokeh]]
[2022.01.30-19.43.51:551][  0]LogConfig: Setting CVar [[r.DOF.Recombine.Quality:1                ; cheap slight out of focus]]
[2022.01.30-19.43.51:551][  0]LogConfig: Setting CVar [[r.DOF.Recombine.EnableBokehSettings:0    ; no bokeh simulation on slight out of focus]]
[2022.01.30-19.43.51:551][  0]LogConfig: Setting CVar [[r.DOF.TemporalAAQuality:1                ; more stable temporal accumulation]]
[2022.01.30-19.43.51:551][  0]LogConfig: Setting CVar [[r.DOF.Kernel.MaxForegroundRadius:0.025]]
[2022.01.30-19.43.51:551][  0]LogConfig: Setting CVar [[r.DOF.Kernel.MaxBackgroundRadius:0.025]]
[2022.01.30-19.43.51:551][  0]LogConfig: Applying CVar settings from Section [TextureQuality@3] File [E:/Uni/Year 2/Multidiciplinary Production/Git_Test/FrogCircusVR/Saved/Config/Windows/Scalability.ini]
[2022.01.30-19.43.51:551][  0]LogConfig: Setting CVar [[r.Streaming.MipBias:0]]
[2022.01.30-19.43.51:551][  0]LogConfig: Setting CVar [[r.Streaming.AmortizeCPUToGPUCopy:0]]
[2022.01.30-19.43.51:551][  0]LogConfig: Setting CVar [[r.Streaming.MaxNumTexturesToStreamPerFrame:0]]
[2022.01.30-19.43.51:551][  0]LogConfig: Setting CVar [[r.Streaming.Boost:1]]
[2022.01.30-19.43.51:551][  0]LogConfig: Setting CVar [[r.MaxAnisotropy:8]]
[2022.01.30-19.43.51:551][  0]LogConfig: Setting CVar [[r.VT.MaxAnisotropy:8]]
[2022.01.30-19.43.51:551][  0]LogConfig: Setting CVar [[r.Streaming.LimitPoolSizeToVRAM:0]]
[2022.01.30-19.43.51:551][  0]LogConfig: Setting CVar [[r.Streaming.PoolSize:1000]]
[2022.01.30-19.43.51:552][  0]LogConfig: Setting CVar [[r.Streaming.MaxEffectiveScreenSize:0]]
[2022.01.30-19.43.51:552][  0]LogConfig: Applying CVar settings from Section [EffectsQuality@3] File [E:/Uni/Year 2/Multidiciplinary Production/Git_Test/FrogCircusVR/Saved/Config/Windows/Scalability.ini]
[2022.01.30-19.43.51:552][  0]LogConfig: Setting CVar [[r.TranslucencyLightingVolumeDim:64]]
[2022.01.30-19.43.51:552][  0]LogConfig: Setting CVar [[r.RefractionQuality:2]]
[2022.01.30-19.43.51:552][  0]LogConfig: Setting CVar [[r.SSR.Quality:3]]
[2022.01.30-19.43.51:552][  0]LogConfig: Setting CVar [[r.SSR.HalfResSceneColor:0]]
[2022.01.30-19.43.51:552][  0]LogConfig: Setting CVar [[r.SceneColorFormat:4]]
[2022.01.30-19.43.51:552][  0]LogConfig: Setting CVar [[r.DetailMode:2]]
[2022.01.30-19.43.51:552][  0]LogConfig: Setting CVar [[r.TranslucencyVolumeBlur:1]]
[2022.01.30-19.43.51:552][  0]LogConfig: Setting CVar [[r.MaterialQualityLevel:1 ; High quality]]
[2022.01.30-19.43.51:552][  0]LogConfig: Setting CVar [[r.AnisotropicMaterials:1]]
[2022.01.30-19.43.51:552][  0]LogConfig: Setting CVar [[r.SSS.Scale:1]]
[2022.01.30-19.43.51:552][  0]LogConfig: Setting CVar [[r.SSS.SampleSet:2]]
[2022.01.30-19.43.51:552][  0]LogConfig: Setting CVar [[r.SSS.Quality:1]]
[2022.01.30-19.43.51:552][  0]LogConfig: Setting CVar [[r.SSS.HalfRes:0]]
[2022.01.30-19.43.51:552][  0]LogConfig: Setting CVar [[r.SSGI.Quality:3]]
[2022.01.30-19.43.51:552][  0]LogConfig: Setting CVar [[r.EmitterSpawnRateScale:1.0]]
[2022.01.30-19.43.51:552][  0]LogConfig: Setting CVar [[r.ParticleLightQuality:2]]
[2022.01.30-19.43.51:552][  0]LogConfig: Setting CVar [[r.SkyAtmosphere.AerialPerspectiveLUT.FastApplyOnOpaque:1 ; Always have FastSkyLUT 1 in this case to avoid wrong sky]]
[2022.01.30-19.43.51:552][  0]LogConfig: Setting CVar [[r.SkyAtmosphere.AerialPerspectiveLUT.SampleCountMaxPerSlice:4]]
[2022.01.30-19.43.51:552][  0]LogConfig: Setting CVar [[r.SkyAtmosphere.AerialPerspectiveLUT.DepthResolution:16.0]]
[2022.01.30-19.43.51:552][  0]LogConfig: Setting CVar [[r.SkyAtmosphere.FastSkyLUT:1]]
[2022.01.30-19.43.51:552][  0]LogConfig: Setting CVar [[r.SkyAtmosphere.FastSkyLUT.SampleCountMin:4.0]]
[2022.01.30-19.43.51:552][  0]LogConfig: Setting CVar [[r.SkyAtmosphere.FastSkyLUT.SampleCountMax:128.0]]
[2022.01.30-19.43.51:552][  0]LogConfig: Setting CVar [[r.SkyAtmosphere.SampleCountMin:4.0]]
[2022.01.30-19.43.51:552][  0]LogConfig: Setting CVar [[r.SkyAtmosphere.SampleCountMax:128.0]]
[2022.01.30-19.43.51:552][  0]LogConfig: Setting CVar [[r.SkyAtmosphere.TransmittanceLUT.UseSmallFormat:0]]
[2022.01.30-19.43.51:552][  0]LogConfig: Setting CVar [[r.SkyAtmosphere.TransmittanceLUT.SampleCount:10.0]]
[2022.01.30-19.43.51:552][  0]LogConfig: Setting CVar [[r.SkyAtmosphere.MultiScatteringLUT.SampleCount:15.0]]
[2022.01.30-19.43.51:552][  0]LogConfig: Setting CVar [[r.SkyLight.RealTimeReflectionCapture:1]]
[2022.01.30-19.43.51:552][  0]LogConfig: Applying CVar settings from Section [FoliageQuality@3] File [E:/Uni/Year 2/Multidiciplinary Production/Git_Test/FrogCircusVR/Saved/Config/Windows/Scalability.ini]
[2022.01.30-19.43.51:552][  0]LogConfig: Setting CVar [[foliage.DensityScale:1.0]]
[2022.01.30-19.43.51:552][  0]LogConfig: Setting CVar [[grass.DensityScale:1.0]]
[2022.01.30-19.43.51:552][  0]LogConfig: Applying CVar settings from Section [ShadingQuality@3] File [E:/Uni/Year 2/Multidiciplinary Production/Git_Test/FrogCircusVR/Saved/Config/Windows/Scalability.ini]
[2022.01.30-19.43.51:552][  0]LogConfig: Setting CVar [[r.HairStrands.SkyLighting.IntegrationType:2]]
[2022.01.30-19.43.51:552][  0]LogConfig: Setting CVar [[r.HairStrands.SkyAO.SampleCount:4]]
[2022.01.30-19.43.51:552][  0]LogConfig: Setting CVar [[r.HairStrands.Visibility.MSAA.SamplePerPixel:4]]
[2022.01.30-19.43.51:552][  0]LogConfig: Applying CVar settings from Section [Startup] File [../../../Engine/Config/ConsoleVariables.ini]
[2022.01.30-19.43.51:552][  0]LogConfig: Setting CVar [[net.UseAdaptiveNetUpdateFrequency:0]]
[2022.01.30-19.43.51:552][  0]LogConfig: Setting CVar [[p.chaos.AllowCreatePhysxBodies:1]]
[2022.01.30-19.43.51:552][  0]LogConfig: Setting CVar [[fx.SkipVectorVMBackendOptimizations:1]]
[2022.01.30-19.43.51:552][  0]LogConfig: Applying CVar settings from Section [ConsoleVariables] File [E:/Uni/Year 2/Multidiciplinary Production/Git_Test/FrogCircusVR/Saved/Config/Windows/Engine.ini]
[2022.01.30-19.43.51:552][  0]LogConfig: Applying CVar settings from Section [ConsoleVariables] File [E:/Uni/Year 2/Multidiciplinary Production/Git_Test/FrogCircusVR/Saved/Config/Windows/Editor.ini]
[2022.01.30-19.43.51:553][  0]LogInit: Computer: DESKTOP-MHGMKFL
[2022.01.30-19.43.51:553][  0]LogInit: User: 1
[2022.01.30-19.43.51:553][  0]LogInit: CPU Page size=4096, Cores=6
[2022.01.30-19.43.51:553][  0]LogInit: High frequency timer resolution =10.000000 MHz
[2022.01.30-19.43.51:553][  0]LogMemory: Memory total: Physical=15.9GB (16GB approx)
[2022.01.30-19.43.51:553][  0]LogMemory: Platform Memory Stats for Windows
[2022.01.30-19.43.51:553][  0]LogMemory: Process Physical Memory: 144.30 MB used, 144.30 MB peak
[2022.01.30-19.43.51:553][  0]LogMemory: Process Virtual Memory: 121.76 MB used, 121.76 MB peak
[2022.01.30-19.43.51:553][  0]LogMemory: Physical Memory: 5288.57 MB used,  11039.62 MB free, 16328.20 MB total
[2022.01.30-19.43.51:553][  0]LogMemory: Virtual Memory: 134192480.00 MB used,  25246.38 MB free, 134217728.00 MB total
[2022.01.30-19.43.51:558][  0]LogWindows: WindowsPlatformFeatures enabled
[2022.01.30-19.43.51:630][  0]LogInit: Physics initialised using underlying interface: PhysX
[2022.01.30-19.43.51:634][  0]LogInit: Using OS detected language (en-GB).
[2022.01.30-19.43.51:634][  0]LogInit: Using OS detected locale (en-GB).
[2022.01.30-19.43.51:641][  0]LogTextLocalizationManager: No specific localization for 'en-GB' exists, so the 'en' localization will be used.
[2022.01.30-19.43.51:896][  0]LogInit: Setting process to per monitor DPI aware
[2022.01.30-19.43.51:910][  0]LogWindowsTextInputMethodSystem: Display: IME system deactivated.
[2022.01.30-19.43.51:934][  0]LogSlate: New Slate User Created.  User Index 0, Is Virtual User: 0
[2022.01.30-19.43.51:934][  0]LogSlate: Slate User Registered.  User Index 0, Is Virtual User: 0
[2022.01.30-19.43.52:207][  0]LogD3D11RHI: Loaded GFSDK_Aftermath_Lib.x64.dll
[2022.01.30-19.43.52:970][  0]LogHMD: Optional extension XR_VARJO_quad_views is not available
[2022.01.30-19.43.52:970][  0]LogHMD: Warning: Required extension XR_EXT_hand_tracking is not available
[2022.01.30-19.43.52:970][  0]LogHMD: Could not enable all required OpenXR extensions for OpenXRHandTracking on current system. This plugin will be loaded but ignored, but will be enabled on a target platform that supports the required extension.
[2022.01.30-19.43.52:970][  0]LogHMD: Warning: Required extension XR_EXT_eye_gaze_interaction is not available
[2022.01.30-19.43.52:970][  0]LogHMD: Could not enable all required OpenXR extensions for OpenXREyeTracker on current system. This plugin will be loaded but ignored, but will be enabled on a target platform that supports the required extension.
[2022.01.30-19.43.53:094][  0]LogHMD: Failed to create an OpenXR instance, result is XR_ERROR_RUNTIME_UNAVAILABLE. Please check if you have an OpenXR runtime installed. The following extensions were enabled:
[2022.01.30-19.43.53:094][  0]LogHMD: - XR_KHR_D3D11_enable
[2022.01.30-19.43.53:094][  0]LogHMD: - XR_KHR_D3D12_enable
[2022.01.30-19.43.53:094][  0]LogHMD: - XR_KHR_opengl_enable
[2022.01.30-19.43.53:094][  0]LogHMD: - XR_KHR_vulkan_enable
[2022.01.30-19.43.53:094][  0]LogHMD: - XR_KHR_composition_layer_depth
[2022.01.30-19.43.53:094][  0]LogHMD: - XR_KHR_visibility_mask
[2022.01.30-19.43.53:094][  0]LogD3D11RHI: D3D11 min allowed feature level: 11_0
[2022.01.30-19.43.53:094][  0]LogD3D11RHI: D3D11 max allowed feature level: 11_0
[2022.01.30-19.43.53:094][  0]LogD3D11RHI: D3D11 adapters:
[2022.01.30-19.43.53:173][  0]LogD3D11RHI:    0. 'Radeon RX 590 Series' (Feature Level 11_0)
[2022.01.30-19.43.53:174][  0]LogD3D11RHI:       8171/0/8164 MB DedicatedVideo/DedicatedSystem/SharedSystem, Outputs:1, VendorId:0x1002
[2022.01.30-19.43.53:176][  0]LogD3D11RHI:    1. 'Microsoft Basic Render Driver' (Feature Level 11_0)
[2022.01.30-19.43.53:176][  0]LogD3D11RHI:       0/0/8164 MB DedicatedVideo/DedicatedSystem/SharedSystem, Outputs:0, VendorId:0x1414
[2022.01.30-19.43.53:176][  0]LogD3D11RHI: Chosen D3D11 Adapter:
[2022.01.30-19.43.53:176][  0]LogD3D11RHI:     Description : Radeon RX 590 Series
[2022.01.30-19.43.53:176][  0]LogD3D11RHI:     VendorId    : 1002
[2022.01.30-19.43.53:176][  0]LogD3D11RHI:     DeviceId    : 67df
[2022.01.30-19.43.53:176][  0]LogD3D11RHI:     SubSysId    : 23111458
[2022.01.30-19.43.53:176][  0]LogD3D11RHI:     Revision    : 00e1
[2022.01.30-19.43.53:176][  0]LogD3D11RHI:     DedicatedVideoMemory : 8568401920 bytes
[2022.01.30-19.43.53:176][  0]LogD3D11RHI:     DedicatedSystemMemory : 0 bytes
[2022.01.30-19.43.53:176][  0]LogD3D11RHI:     SharedSystemMemory : 8560676864 bytes
[2022.01.30-19.43.53:176][  0]LogD3D11RHI:     AdapterLuid : 0 63158
[2022.01.30-19.43.53:180][  0]LogD3D11RHI: Creating new Direct3DDevice
[2022.01.30-19.43.53:180][  0]LogD3D11RHI:     GPU DeviceId: 0x67df (for the marketing name, search the web for "GPU Device Id")
[2022.01.30-19.43.53:180][  0]LogWindows: EnumDisplayDevices:
[2022.01.30-19.43.53:180][  0]LogWindows:    0. 'Radeon RX 590 Series' (P:1 D:1)
[2022.01.30-19.43.53:181][  0]LogWindows:    1. 'Radeon RX 590 Series' (P:0 D:0)
[2022.01.30-19.43.53:181][  0]LogWindows:    2. 'Radeon RX 590 Series' (P:0 D:0)
[2022.01.30-19.43.53:181][  0]LogWindows:    3. 'Radeon RX 590 Series' (P:0 D:0)
[2022.01.30-19.43.53:182][  0]LogWindows:    4. 'Radeon RX 590 Series' (P:0 D:0)
[2022.01.30-19.43.53:182][  0]LogWindows:    5. 'Radeon RX 590 Series' (P:0 D:0)
[2022.01.30-19.43.53:183][  0]LogWindows:    6. 'Radeon RX 590 Series' (P:0 D:0)
[2022.01.30-19.43.53:183][  0]LogWindows: DebugString: FoundDriverCount:7 
[2022.01.30-19.43.53:183][  0]LogD3D11RHI:     Adapter Name: Radeon RX 590 Series
[2022.01.30-19.43.53:183][  0]LogD3D11RHI:   Driver Version: Adrenalin 21.30.23.01 (internal:30.0.13023.1012, unified:30.0.13023.1012)
[2022.01.30-19.43.53:183][  0]LogD3D11RHI:      Driver Date: 10-18-2021
[2022.01.30-19.43.53:183][  0]LogRHI: Texture pool is 5182 MB (70% of 7403 MB)
[2022.01.30-19.43.53:223][  0]LogD3D11RHI: Creating D3DDevice with AMD AGS, using adapter:
[2022.01.30-19.43.53:223][  0]LogD3D11RHI:     Description : Radeon RX 590 Series
[2022.01.30-19.43.53:223][  0]LogD3D11RHI:     VendorId    : 1002
[2022.01.30-19.43.53:223][  0]LogD3D11RHI:     DeviceId    : 67df
[2022.01.30-19.43.53:223][  0]LogD3D11RHI:     SubSysId    : 23111458
[2022.01.30-19.43.53:223][  0]LogD3D11RHI:     Revision    : 00e1
[2022.01.30-19.43.53:223][  0]LogD3D11RHI:     DedicatedVideoMemory : 8568401920 bytes
[2022.01.30-19.43.53:223][  0]LogD3D11RHI:     DedicatedSystemMemory : 0 bytes
[2022.01.30-19.43.53:223][  0]LogD3D11RHI:     SharedSystemMemory : 8560676864 bytes
[2022.01.30-19.43.53:223][  0]LogD3D11RHI:     AdapterLuid : 0 63158
[2022.01.30-19.43.53:294][  0]LogD3D11RHI: Created device via AGS, feature level 11_0, supported extensions 1fffffbf.
[2022.01.30-19.43.53:294][  0]LogD3D11RHI: RHI has support for 64 bit atomics
[2022.01.30-19.43.53:294][  0]LogD3D11RHI: Async texture creation enabled
[2022.01.30-19.43.53:294][  0]LogD3D11RHI: Array index from any shader is supported
[2022.01.30-19.43.53:311][  0]LogD3D11RHI: GPU Timing Frequency: 25.000000 (Debug: 2 1)
[2022.01.30-19.43.53:649][  0]LogTargetPlatformManager: Display: Loaded TargetPlatform 'AllDesktop'
[2022.01.30-19.43.53:672][  0]LogTargetPlatformManager: Display: Loaded TargetPlatform 'Android'
[2022.01.30-19.43.53:672][  0]LogTargetPlatformManager: Display: Loaded TargetPlatform 'Android_ASTC'
[2022.01.30-19.43.53:672][  0]LogTargetPlatformManager: Display: Loaded TargetPlatform 'Android_DXT'
[2022.01.30-19.43.53:672][  0]LogTargetPlatformManager: Display: Loaded TargetPlatform 'Android_ETC2'
[2022.01.30-19.43.53:672][  0]LogTargetPlatformManager: Display: Loaded TargetPlatform 'AndroidClient'
[2022.01.30-19.43.53:672][  0]LogTargetPlatformManager: Display: Loaded TargetPlatform 'Android_ASTCClient'
[2022.01.30-19.43.53:672][  0]LogTargetPlatformManager: Display: Loaded TargetPlatform 'Android_DXTClient'
[2022.01.30-19.43.53:672][  0]LogTargetPlatformManager: Display: Loaded TargetPlatform 'Android_ETC2Client'
[2022.01.30-19.43.53:672][  0]LogTargetPlatformManager: Display: Loaded TargetPlatform 'Android_Multi'
[2022.01.30-19.43.53:672][  0]LogTargetPlatformManager: Display: Loaded TargetPlatform 'Android_MultiClient'
[2022.01.30-19.43.53:693][  0]LogTargetPlatformManager: Display: Loaded TargetPlatform 'IOSClient'
[2022.01.30-19.43.53:693][  0]LogTargetPlatformManager: Display: Loaded TargetPlatform 'IOS'
[2022.01.30-19.43.53:704][  0]LogTargetPlatformManager: Display: Loaded TargetPlatform 'Linux'
[2022.01.30-19.43.53:710][  0]LogTargetPlatformManager: Display: Loaded TargetPlatform 'LinuxNoEditor'
[2022.01.30-19.43.53:715][  0]LogTargetPlatformManager: Display: Loaded TargetPlatform 'LinuxClient'
[2022.01.30-19.43.53:721][  0]LogTargetPlatformManager: Display: Loaded TargetPlatform 'LinuxServer'
[2022.01.30-19.43.53:731][  0]LogTargetPlatformManager: Display: Loaded TargetPlatform 'LinuxAArch64NoEditor'
[2022.01.30-19.43.53:737][  0]LogTargetPlatformManager: Display: Loaded TargetPlatform 'LinuxAArch64Client'
[2022.01.30-19.43.53:743][  0]LogTargetPlatformManager: Display: Loaded TargetPlatform 'LinuxAArch64Server'
[2022.01.30-19.43.53:766][  0]LogTargetPlatformManager: Display: Loaded TargetPlatform 'Lumin'
[2022.01.30-19.43.53:766][  0]LogTargetPlatformManager: Display: Loaded TargetPlatform 'LuminClient'
[2022.01.30-19.43.53:775][  0]LogTargetPlatformManager: Display: Loaded TargetPlatform 'MacNoEditor'
[2022.01.30-19.43.53:780][  0]LogTargetPlatformManager: Display: Loaded TargetPlatform 'Mac'
[2022.01.30-19.43.53:785][  0]LogTargetPlatformManager: Display: Loaded TargetPlatform 'MacClient'
[2022.01.30-19.43.53:790][  0]LogTargetPlatformManager: Display: Loaded TargetPlatform 'MacServer'
[2022.01.30-19.43.53:800][  0]LogTargetPlatformManager: Display: Loaded TargetPlatform 'TVOSClient'
[2022.01.30-19.43.53:800][  0]LogTargetPlatformManager: Display: Loaded TargetPlatform 'TVOS'
[2022.01.30-19.43.53:809][  0]LogTargetPlatformManager: Display: Loaded TargetPlatform 'WindowsNoEditor'
[2022.01.30-19.43.53:815][  0]LogTargetPlatformManager: Display: Loaded TargetPlatform 'Windows'
[2022.01.30-19.43.53:820][  0]LogTargetPlatformManager: Display: Loaded TargetPlatform 'WindowsClient'
[2022.01.30-19.43.53:826][  0]LogTargetPlatformManager: Display: Loaded TargetPlatform 'WindowsServer'
[2022.01.30-19.43.53:826][  0]LogTargetPlatformManager: Display: Building Assets For Windows
[2022.01.30-19.43.53:838][  0]LogAudioDebug: Display: Lib vorbis DLL was dynamically loaded.
[2022.01.30-19.43.53:888][  0]LogTextureFormatOodle: Display: Oodle Texture 2.9.0 init RDO Off
[2022.01.30-19.43.53:949][  0]LogRendererCore: Ray tracing is disabled. Reason: r.RayTracing=0.
[2022.01.30-19.43.53:950][  0]LogShaderCompilers: Guid format shader working directory is -22 characters bigger than the processId version (E:/Uni/Year 2/Multidiciplinary Production/Git_Test/FrogCircusVR/Intermediate/Shaders/WorkingDirectory/13524/).
[2022.01.30-19.43.53:950][  0]LogShaderCompilers: Cleaned the shader compiler working directory 'C:/Users/1/AppData/Local/Temp/UnrealShaderWorkingDir/EB8F8679406EDB16CC2180B5C59AA5DD/'.
[2022.01.30-19.43.53:950][  0]LogXGEController: Cannot use XGE Controller as Incredibuild is not installed on this machine.
[2022.01.30-19.43.53:950][  0]LogShaderCompilers: Cannot use XGE Shader Compiler as Incredibuild is not installed on this machine.
[2022.01.30-19.43.53:950][  0]LogShaderCompilers: Display: Using Local Shader Compiler.
[2022.01.30-19.43.54:652][  0]LogDerivedDataCache: Display: Max Cache Size: 512 MB
[2022.01.30-19.43.54:904][  0]LogDerivedDataCache: Loaded boot cache 0.25s 95MB C:/Users/1/AppData/Local/UnrealEngine/4.27/DerivedDataCache/Boot.ddc.
[2022.01.30-19.43.54:904][  0]LogDerivedDataCache: Display: Loaded Boot cache: C:/Users/1/AppData/Local/UnrealEngine/4.27/DerivedDataCache/Boot.ddc
[2022.01.30-19.43.54:904][  0]LogDerivedDataCache: FDerivedDataBackendGraph:  Pak pak cache file E:/Uni/Year 2/Multidiciplinary Production/Git_Test/FrogCircusVR/DerivedDataCache/DDC.ddp not found, will not use a pak cache.
[2022.01.30-19.43.54:904][  0]LogDerivedDataCache: Unable to find inner node Pak for hierarchical cache Hierarchy.
[2022.01.30-19.43.54:904][  0]LogDerivedDataCache: FDerivedDataBackendGraph:  CompressedPak pak cache file E:/Uni/Year 2/Multidiciplinary Production/Git_Test/FrogCircusVR/DerivedDataCache/Compressed.ddp not found, will not use a pak cache.
[2022.01.30-19.43.54:904][  0]LogDerivedDataCache: Unable to find inner node CompressedPak for hierarchical cache Hierarchy.
[2022.01.30-19.43.54:921][  0]LogDerivedDataCache: Display: Pak cache opened for reading ../../../Engine/DerivedDataCache/Compressed.ddp.
[2022.01.30-19.43.54:921][  0]LogDerivedDataCache: FDerivedDataBackendGraph:  EnterprisePak pak cache file ../../../Enterprise/DerivedDataCache/Compressed.ddp not found, will not use a pak cache.
[2022.01.30-19.43.54:921][  0]LogDerivedDataCache: Unable to find inner node EnterprisePak for hierarchical cache Hierarchy.
[2022.01.30-19.43.54:938][  0]LogDerivedDataCache: Speed tests for C:/Users/1/AppData/Local/UnrealEngine/Common/DerivedDataCache took 0.02 seconds
[2022.01.30-19.43.54:938][  0]LogDerivedDataCache: Display: Performance to C:/Users/1/AppData/Local/UnrealEngine/Common/DerivedDataCache: Latency=0.12ms. RandomReadSpeed=90.96MBs, RandomWriteSpeed=200.74MBs. Assigned SpeedClass 'Local'
[2022.01.30-19.43.54:938][  0]LogDerivedDataCache: Using Local data cache path C:/Users/1/AppData/Local/UnrealEngine/Common/DerivedDataCache: Writable
[2022.01.30-19.43.54:939][  0]LogDerivedDataCache: Shared data cache path not found in *engine.ini, will not use an Shared cache.
[2022.01.30-19.43.54:939][  0]LogDerivedDataCache: Unable to find inner node Shared for hierarchical cache Hierarchy.
[2022.01.30-19.43.54:983][  0]LogSlate: Using FreeType 2.10.0
[2022.01.30-19.43.54:985][  0]LogSlate: SlateFontServices - WITH_FREETYPE: 1, WITH_HARFBUZZ: 1
[2022.01.30-19.43.55:753][  0]LogHMD: Optional extension XR_VARJO_quad_views is not available
[2022.01.30-19.43.55:753][  0]LogHMD: Warning: Required extension XR_EXT_hand_tracking is not available
[2022.01.30-19.43.55:753][  0]LogHMD: Could not enable all required OpenXR extensions for OpenXRHandTracking on current system. This plugin will be loaded but ignored, but will be enabled on a target platform that supports the required extension.
[2022.01.30-19.43.55:753][  0]LogHMD: Warning: Required extension XR_EXT_eye_gaze_interaction is not available
[2022.01.30-19.43.55:753][  0]LogHMD: Could not enable all required OpenXR extensions for OpenXREyeTracker on current system. This plugin will be loaded but ignored, but will be enabled on a target platform that supports the required extension.
[2022.01.30-19.43.55:882][  0]LogHMD: Failed to create an OpenXR instance, result is XR_ERROR_RUNTIME_UNAVAILABLE. Please check if you have an OpenXR runtime installed. The following extensions were enabled:
[2022.01.30-19.43.55:882][  0]LogHMD: - XR_KHR_D3D11_enable
[2022.01.30-19.43.55:882][  0]LogHMD: - XR_KHR_D3D12_enable
[2022.01.30-19.43.55:882][  0]LogHMD: - XR_KHR_opengl_enable
[2022.01.30-19.43.55:882][  0]LogHMD: - XR_KHR_vulkan_enable
[2022.01.30-19.43.55:882][  0]LogHMD: - XR_KHR_composition_layer_depth
[2022.01.30-19.43.55:882][  0]LogHMD: - XR_KHR_visibility_mask
[2022.01.30-19.43.55:920][  0]LogAssetRegistry: FAssetRegistry took 0.0030 seconds to start up
[2022.01.30-19.43.56:249][  0]LogInit: Selected Device Profile: [Windows]
[2022.01.30-19.43.56:249][  0]LogInit: Active device profile: [00000253DCFFF300][00000253DA0C6C80 49] Windows
[2022.01.30-19.43.56:250][  0]LogInit: Profiles: [00000253DCFFF300][00000253DA0C6C80 49] Windows, [00000253DCFC0E00][00000253DB7A6DC0 49] WindowsNoEditor, [00000253DCFFCE00][00000253DB7AEF40 49] WindowsServer, [00000253DCFC2800][00000253DB7B30C0 49] WindowsClient, [00000253DCFFE700][00000253DB7B7240 49] IOS, [00000253DCFC1500][00000253DB7BB3C0 49] iPadAir, [00000253DCFFD500][00000253DB7BF540 49] iPadAir2, [00000253DCF66A00][00000253DB7C7800 49] IPadPro, [00000253DCF66B00][00000253DB7C3840 49] iPadAir3, [00000253DCFFE400][00000253DB7CB9C0 49] iPadAir4, [00000253DCF67600][00000253DB7CFB40 49] iPadMini2, [00000253DCFFF600][00000253DB7D2140 49] iPadMini3, [00000253DCF64600][00000253DB7D62C0 49] iPadMini4, [00000253DCFFCD00][00000253DB7DA440 49] iPadMini5, [00000253DCFB2300][00000253DB7E2700 49] iPhone6, [00000253DCFB2400][00000253DB7DE740 49] iPodTouch6, [00000253DCF65400][00000253DB7EAA00 49] iPhone7, [00000253DCF66900][00000253DB7E6A40 49] iPodTouch7, [00000253DCFB2E00][00000253DB7AAB80 49] iPhone5S, [00000253DCF66400][00000253DB7EECC0 49] iPhone6Plus, [00000253DCFB0600][00000253DB7F2E00 49] iPhone6S, [00000253DCF64800][00000253DB7F6F40 49] iPhone6SPlus, [00000253DCFB1400][00000253DB7FF0C0 49] iPhone7Plus, [00000253DCF64300][00000253DB803240 49] iPhoneSE, [00000253DCFB2200][00000253DB8073C0 49] iPhone8, [00000253DCF64200][00000253DB80B540 49] iPhone8Plus, [00000253DCFB3000][00000253DB80F6C0 49] iPhoneX, [00000253DCF67C00][00000253DB813840 49] iPhoneXS, [00000253DCFB3400][00000253DB8179C0 49] iPhoneXSMax, [00000253DCF64900][00000253DB81BB40 49] iPhoneXR, [00000253DCFB0B00][00000253DB81E140 49] iPhone11, [00000253DCF64A00][00000253DB8222C0 49] iPhone11Pro, [00000253DCFB0A00][00000253DB826440 49] iPhone11ProMax, [00000253DCF67E00][00000253DB82A5C0 49] iPhoneSE2, [00000253DCFB3E00][00000253DB82E740 49] iPhone12Mini, [00000253DCF65900][00000253DB8328C0 49] iPhone12, [00000253DCFB1000][00000253DB836A40 49] iPhone12Pro, [00000253DCF67000][00000253DB83ABC0 49] iPhone12ProMax, [00000253DCFB1900][00000253DB83ED40 49] iPadPro105, [00000253DCF64500][00000253DB7FAE80 49] iPadPro129, [00000253DCFB1C00][00000253DB842FC0 49] iPadPro97, [00000253DCF67300][00000253DB847100 49] iPadPro2_129, [00000253DCFB0700][00000253DB84F280 49] iPad5, [00000253DCF65600][00000253DB853400 49] iPad6, [00000253DCFB1500][00000253DB857580 49] iPad7, [00000253DCF67800][00000253DB85B700 49] iPad8, [00000253DCFB0C00][00000253DCA2F880 49] iPadPro11, [00000253DCF67700][00000253DCA33A00 49] iPadPro2_11, [00000253DCFB3300][00000253DCA37B80 49] iPadPro3_129, [00000253DCF64100][00000253DCA3A180 49] iPadPro4_129, [00000253DCFC2400][00000253DCA3E300 49] AppleTV, [00000253DD034700][00000253DCA42480 49] AppleTV4K, [00000253DCFC2300][00000253DCA46600 49] TVOS, [00000253DD034100][00000253DCA4A780 49] Mac, [00000253DCFC3200][00000253DCA4E900 49] MacClient, [00000253DD036300][00000253DCA52A80 49] MacNoEditor, [00000253DCFC1700][00000253DCA56C00 49] MacServer, [00000253DD034600][00000253DCA5AD80 49] Linux, [00000253DCFC3300][00000253DCA5EF00 49] LinuxAArch64, [00000253DD036200][00000253DB84B040 49] LinuxNoEditor, [00000253DCFC1F00][00000253DCA63180 49] LinuxAArch64NoEditor, [00000253DD036000][00000253DCA672C0 49] LinuxClient, [00000253DCFC1100][00000253DCA6F440 49] LinuxAArch64Client, [00000253DD034500][00000253DCA735C0 49] LinuxServer, [00000253DCFC0A00][00000253DCA77740 49] LinuxAArch64Server, [00000253DD034A00][00000253DCA7B8C0 49] Android, [00000253DCFC3800][00000253DCA7FA40 49] Android_Low, [00000253DD036500][00000253DCA83BC0 49] Android_Mid, [00000253DCFC0300][00000253DCA861C0 49] Android_High, [00000253DD034400][00000253DCA8A340 49] Android_Default, [00000253DCFC3000][00000253DCA8E4C0 49] Android_Adreno4xx, [00000253DD035700][00000253DCA92640 49] Android_Adreno5xx_Low, [00000253DCF65200][00000253DCA967C0 49] Android_Adreno5xx, [00000253DCFB2600][00000253DCA9A940 49] Android_Adreno6xx, [00000253DCF65700][00000253DCA9EAC0 49] Android_Adreno6xx_Vulkan, [00000253DD035200][00000253DCAA2C40 49] Android_Mali_T6xx, [00000253DCF66300][00000253DCAA6DC0 49] Android_Mali_T7xx, [00000253DD035600][00000253DCAAAF40 49] Android_Mali_T8xx, [00000253DCF66100][00000253DCAAF0C0 49] Android_Mali_G71, [00000253DD036B00][00000253DCA6B200 49] Android_Mali_G72, [00000253DCF65100][00000253DCAB3340 49] Android_Mali_G72_Vulkan, [00000253DD036400][00000253DCAB7480 49] Android_Mali_G76, [00000253DCF67500][00000253DCABB5C0 49] Android_Mali_G76_Vulkan, [00000253DD034800][00000253DCAC3740 49] Android_Mali_G77, [00000253DCF67B00][00000253DCAC78C0 49] Android_Mali_G77_Vulkan, [00000253DD035900][00000253DCACBA40 49] Android_Mali_G78, [00000253DCF67100][00000253DCACFBC0 49] Android_Mali_G78_Vulkan, [00000253DD036600][00000253DCAD21C0 49] Android_Mali_G710, [00000253DCF65000][00000253DCAD6340 49] Android_Mali_G710_Vulkan, [00000253DD034C00][00000253DCADA4C0 49] Android_Vulkan_SM5, [00000253DCF66800][00000253DCADE640 49] Android_PowerVR_G6xxx, [00000253DD034B00][00000253DCAE27C0 49] Android_PowerVR_GT7xxx, [00000253DCF64700][00000253DCAE6940 49] Android_PowerVR_GE8xxx, [00000253DD034300][00000253DCAEAAC0 49] Android_PowerVR_GM9xxx, [00000253DCF65300][00000253DCAEEC40 49] Android_PowerVR_GM9xxx_Vulkan, [00000253DCFB0D00][00000253DCAF2DC0 49] Android_TegraK1, [00000253DCF67A00][00000253DCAF6F40 49] Android_Unknown_Vulkan, [00000253DCFB0100][00000253DCAFB0C0 49] Lumin, [00000253DCF65D00][00000253DCAFF240 49] Lumin_Desktop, [00000253DCFB1E00][00000253DCABF380 49] HoloLens, 
[2022.01.30-19.43.56:454][  0]LogMeshReduction: Using QuadricMeshReduction for automatic static mesh reduction
[2022.01.30-19.43.56:454][  0]LogMeshReduction: Using SimplygonMeshReduction for automatic skeletal mesh reduction
[2022.01.30-19.43.56:454][  0]LogMeshReduction: Using ProxyLODMeshReduction for automatic mesh merging
[2022.01.30-19.43.56:454][  0]LogMeshReduction: No distributed automatic mesh merging module available
[2022.01.30-19.43.56:455][  0]LogMeshMerging: No distributed automatic mesh merging module available
[2022.01.30-19.43.56:482][  0]LogNetVersion: UE4_FrogCircus 1.0.0, NetCL: 17155196, EngineNetVer: 17, GameNetVer: 0 (Checksum: 2761004905)
[2022.01.30-19.43.57:147][  0]LogTexture: Default maximum texture size for cubemaps generated from long-lat sources has been changed from 512 to unlimited. In order to preserve old behaiour for '/Engine/MapTemplates/Sky/DaylightAmbientCubemap.DaylightAmbientCubemap', its maximum texture size has been explicitly set to 512.
[2022.01.30-19.43.57:213][  0]LogHMD: PokeAHoleMaterial loaded successfully
[2022.01.30-19.43.57:219][  0]LogUObjectArray: 17075 objects as part of root set at end of initial load.
[2022.01.30-19.43.57:219][  0]LogUObjectAllocator: 4275600 out of 0 bytes used by permanent object pool.
[2022.01.30-19.43.57:219][  0]LogUObjectArray: CloseDisregardForGC: 0/0 objects in disregard for GC pool
[2022.01.30-19.43.57:788][  0]LogNiagaraDebuggerClient: Niagara Debugger Client Initialized | Session: 94F835474BFDBDCEE1B4679E1F98C8F7 | Instance: 0585AEEE465E0D2A76AA5DB9BB311C0D (DESKTOP-MHGMKFL-13524).
[2022.01.30-19.43.57:864][  0]LogImageWrapper: Warning: PNG Warning: Duplicate iCCP chunk
[2022.01.30-19.43.57:864][  0]LogImageWrapper: Warning: PNG Warning: Duplicate iCCP chunk
[2022.01.30-19.43.57:864][  0]LogPython: Using Python 3.7.7
[2022.01.30-19.43.58:523][  0]LogTcpMessaging: Initializing TcpMessaging bridge
[2022.01.30-19.43.58:531][  0]LogUdpMessaging: Initializing bridge on interface 0.0.0.0:0 to multicast group 230.0.0.1:6666.
[2022.01.30-19.43.58:927][  0]SourceControl: Source control is disabled
[2022.01.30-19.43.58:927][  0]SourceControl: Source control is disabled
[2022.01.30-19.43.58:937][  0]SourceControl: Source control is disabled
[2022.01.30-19.43.58:942][  0]SourceControl: Source control is disabled
[2022.01.30-19.43.58:952][  0]SourceControl: Source control is disabled
[2022.01.30-19.43.58:960][  0]LogUProjectInfo: Found projects:
[2022.01.30-19.43.59:246][  0]LogOpenImageDenoise: OIDN starting up
[2022.01.30-19.43.59:309][  0]LogAndroidPermission: UAndroidPermissionCallbackProxy::GetInstance
[2022.01.30-19.43.59:339][  0]LogAudioCaptureCore: Display: No Audio Capture implementations found. Audio input will be silent.
[2022.01.30-19.43.59:339][  0]LogAudioCaptureCore: Display: No Audio Capture implementations found. Audio input will be silent.
[2022.01.30-19.43.59:537][  0]LogCollectionManager: Loaded 0 collections in 0.001784 seconds
[2022.01.30-19.43.59:571][  0]LogFileCache: Scanning file cache for directory 'E:/Uni/Year 2/Multidiciplinary Production/Git_Test/FrogCircusVR/Saved/Collections/' took 0.00s
[2022.01.30-19.43.59:571][  0]LogFileCache: Scanning file cache for directory 'E:/Uni/Year 2/Multidiciplinary Production/Git_Test/FrogCircusVR/Content/Developers/1/Collections/' took 0.00s
[2022.01.30-19.43.59:571][  0]LogFileCache: Scanning file cache for directory 'E:/Uni/Year 2/Multidiciplinary Production/Git_Test/FrogCircusVR/Content/Collections/' took 0.00s
[2022.01.30-19.43.59:571][  0]LogOcInput: OculusInput pre-init called
[2022.01.30-19.43.59:879][  0]LogImageWrapper: Warning: PNG Warning: Duplicate iCCP chunk
[2022.01.30-19.43.59:879][  0]LogImageWrapper: Warning: PNG Warning: Duplicate iCCP chunk
[2022.01.30-19.43.59:879][  0]LogEngine: Initializing Engine...
[2022.01.30-19.44.00:659][  0]LogHMD: Optional extension XR_VARJO_quad_views is not available
[2022.01.30-19.44.00:659][  0]LogHMD: Warning: Required extension XR_EXT_hand_tracking is not available
[2022.01.30-19.44.00:659][  0]LogHMD: Could not enable all required OpenXR extensions for OpenXRHandTracking on current system. This plugin will be loaded but ignored, but will be enabled on a target platform that supports the required extension.
[2022.01.30-19.44.00:660][  0]LogHMD: Warning: Required extension XR_EXT_eye_gaze_interaction is not available
[2022.01.30-19.44.00:660][  0]LogHMD: Could not enable all required OpenXR extensions for OpenXREyeTracker on current system. This plugin will be loaded but ignored, but will be enabled on a target platform that supports the required extension.
[2022.01.30-19.44.00:786][  0]LogHMD: Failed to create an OpenXR instance, result is XR_ERROR_RUNTIME_UNAVAILABLE. Please check if you have an OpenXR runtime installed. The following extensions were enabled:
[2022.01.30-19.44.00:787][  0]LogHMD: - XR_KHR_D3D11_enable
[2022.01.30-19.44.00:787][  0]LogHMD: - XR_KHR_D3D12_enable
[2022.01.30-19.44.00:787][  0]LogHMD: - XR_KHR_opengl_enable
[2022.01.30-19.44.00:787][  0]LogHMD: - XR_KHR_vulkan_enable
[2022.01.30-19.44.00:787][  0]LogHMD: - XR_KHR_composition_layer_depth
[2022.01.30-19.44.00:787][  0]LogHMD: - XR_KHR_visibility_mask
[2022.01.30-19.44.00:787][  0]LogMagicLeap: Warning: VR disabled because ZI is not enabled.  To enable, in the editor, Edit -> Project Settings -> Plugins -> Magic Leap Plugin -> Enable Zero Iteration
[2022.01.30-19.44.00:789][  0]LogStats: UGameplayTagsManager::InitializeManager -  0.002 s
[2022.01.30-19.44.00:945][  0]LogInit: Initializing FReadOnlyCVARCache
[2022.01.30-19.44.00:962][  0]LogAIModule: Creating AISystem for world Untitled
[2022.01.30-19.44.00:963][  0]LogAudio: Display: Initializing Audio Device Manager...
[2022.01.30-19.44.00:968][  0]LogAudio: Display: Loading Default Audio Settings Objects...
[2022.01.30-19.44.00:969][  0]LogAudio: Display: No default SoundConcurrencyObject specified (or failed to load).
[2022.01.30-19.44.00:970][  0]LogAudio: Display: Audio Device Manager Initialized
[2022.01.30-19.44.00:970][  0]LogAudio: Display: Creating Audio Device:                 Id: 1, Scope: Shared, Realtime: True
[2022.01.30-19.44.00:970][  0]LogAudioMixer: Display: Audio Mixer Platform Settings:
[2022.01.30-19.44.00:970][  0]LogAudioMixer: Display: 	Sample Rate:						  48000
[2022.01.30-19.44.00:970][  0]LogAudioMixer: Display: 	Callback Buffer Frame Size Requested: 1024
[2022.01.30-19.44.00:970][  0]LogAudioMixer: Display: 	Callback Buffer Frame Size To Use:	  1024
[2022.01.30-19.44.00:970][  0]LogAudioMixer: Display: 	Number of buffers to queue:			  2
[2022.01.30-19.44.00:970][  0]LogAudioMixer: Display: 	Max Channels (voices):				  32
[2022.01.30-19.44.00:970][  0]LogAudioMixer: Display: 	Number of Async Source Workers:		  0
[2022.01.30-19.44.00:970][  0]LogAudio: Display: AudioDevice MaxSources: 32
[2022.01.30-19.44.00:971][  0]LogAudio: Display: Audio Spatialization Plugin: None (built-in).
[2022.01.30-19.44.00:971][  0]LogAudio: Display: Audio Reverb Plugin: None (built-in).
[2022.01.30-19.44.00:971][  0]LogAudio: Display: Audio Occlusion Plugin: None (built-in).
[2022.01.30-19.44.00:971][  0]LogAudioMixer: Display: Initializing audio mixer.
[2022.01.30-19.44.01:007][  0]LogAudioMixer: Display: 0: FrontLeft
[2022.01.30-19.44.01:008][  0]LogAudioMixer: Display: 1: FrontRight
[2022.01.30-19.44.01:075][  0]LogAudioMixer: Display: Using Audio Device Speakers (2- Realtek(R) Audio)
[2022.01.30-19.44.01:075][  0]LogAudioMixer: Display: Initializing Sound Submixes...
[2022.01.30-19.44.01:079][  0]LogAudioMixer: Display: Creating Master Submix 'MasterSubmixDefault'
[2022.01.30-19.44.01:079][  0]LogAudioMixer: Display: Creating Master Submix 'MasterReverbSubmixDefault'
[2022.01.30-19.44.01:080][  0]LogAudioMixer: Display: Creating Master Submix 'MasterEQSubmixDefault'
[2022.01.30-19.44.01:080][  0]LogAudioMixer: FMixerPlatformXAudio2::StartAudioStream() called
[2022.01.30-19.44.01:080][  0]LogAudioMixer: Display: Output buffers initialized: Frames=1024, Channels=2, Samples=2048
[2022.01.30-19.44.01:081][  0]LogAudioMixer: Display: Starting AudioMixerPlatformInterface::RunInternal()
[2022.01.30-19.44.01:081][  0]LogAudioMixer: Display: FMixerPlatformXAudio2::SubmitBuffer() called for the first time
[2022.01.30-19.44.01:081][  0]LogInit: FAudioDevice initialized.
[2022.01.30-19.44.01:081][  0]LogAudio: Display: Audio Device (ID: 1) registered with world 'Untitled'.
[2022.01.30-19.44.01:081][  0]LogNetVersion: Set ProjectVersion to 1.0.0.0. Version Checksum will be recalculated on next use.
[2022.01.30-19.44.01:156][  0]LogDerivedDataCache: Saved boot cache 0.07s 95MB C:/Users/1/AppData/Local/UnrealEngine/4.27/DerivedDataCache/Boot.ddc.
[2022.01.30-19.44.01:158][  0]LogInit: Texture streaming: Enabled
[2022.01.30-19.44.01:176][  0]LogAnalytics: Display: [UEEditor.Rocket.Release] APIServer = https://datarouter.ol.epicgames.com/. AppVersion = 4.27.1-17735300+++UE4+Release-4.27
[2022.01.30-19.44.01:184][  0]LogEngineSessionManager: EngineSessionManager initialized
[2022.01.30-19.44.01:184][  0]LogEditorSessionSummary: Verbose: Initializing EditorSessionSummaryWriter for editor session tracking
[2022.01.30-19.44.01:195][  0]LogEditorSessionSummary: EditorSessionSummaryWriter initialized
[2022.01.30-19.44.01:398][  0]LogInit: Transaction tracking system initialized
[2022.01.30-19.44.01:439][  0]BlueprintLog: New page: Editor Load
[2022.01.30-19.44.01:554][  0]LocalizationService: Localization service is disabled
[2022.01.30-19.44.01:603][  0]TimingProfiler: Initialize
[2022.01.30-19.44.01:604][  0]TimingProfiler: OnSessionChanged
[2022.01.30-19.44.01:604][  0]LoadingProfiler: Initialize
[2022.01.30-19.44.01:604][  0]LoadingProfiler: OnSessionChanged
[2022.01.30-19.44.01:604][  0]NetworkingProfiler: Initialize
[2022.01.30-19.44.01:605][  0]NetworkingProfiler: OnSessionChanged
[2022.01.30-19.44.01:605][  0]MemoryProfiler: Initialize
[2022.01.30-19.44.01:605][  0]MemoryProfiler: OnSessionChanged
[2022.01.30-19.44.01:839][  0]LogCook: Display: CookSettings for Memory: MemoryMaxUsedVirtual 0MiB, MemoryMaxUsedPhysical 16384MiB, MemoryMinFreeVirtual 0MiB, MemoryMinFreePhysical 1024MiB
[2022.01.30-19.44.01:839][  0]LogCook: Display: Mobile HDR setting 1
[2022.01.30-19.44.01:864][  0]LogFileCache: Scanning file cache for directory 'E:/Uni/Year 2/Multidiciplinary Production/Git_Test/FrogCircusVR/Content/' took 0.02s
[2022.01.30-19.44.02:163][  0]LogInit: Display: Engine is initialized. Leaving FEngineLoop::Init()
[2022.01.30-19.44.02:176][  0]SourceControl: Source control is disabled
[2022.01.30-19.44.02:177][  0]LogUnrealEdMisc: Loading editor; pre map load, took 13.752
[2022.01.30-19.44.02:178][  0]Cmd: MAP LOAD FILE="../../../Engine/Content/Maps/Templates/Template_Default.umap" TEMPLATE=1 SHOWPROGRESS=1 FEATURELEVEL=3
[2022.01.30-19.44.02:189][  0]LightingResults: New page: Lighting Build
[2022.01.30-19.44.02:192][  0]LogWorld: UWorld::CleanupWorld for Untitled, bSessionEnded=true, bCleanupResources=true
[2022.01.30-19.44.02:192][  0]LogSlate: InvalidateAllWidgets triggered.  All widgets were invalidated
[2022.01.30-19.44.02:192][  0]MapCheck: New page: Map Check
[2022.01.30-19.44.02:192][  0]LightingResults: New page: Lighting Build
[2022.01.30-19.44.02:196][  0]LogAudio: Display: Audio Device unregistered from world 'None'.
[2022.01.30-19.44.02:199][  0]LogUObjectHash: Compacting FUObjectHashTables data took   0.91ms
[2022.01.30-19.44.02:271][  0]LogTexture: Display: Building textures: DeprecatedTextureEB9CBE3C423008B5E8E130901E171C89 (BGRA8, 128X128)
[2022.01.30-19.44.02:279][  0]LogAudio: Display: Audio Device (ID: 1) registered with world 'Untitled_1'.
[2022.01.30-19.44.02:280][  0]LogAIModule: Creating AISystem for world Untitled_1
[2022.01.30-19.44.02:288][  0]LogEditorServer: Finished looking for orphan Actors (0.000 secs)
[2022.01.30-19.44.02:295][  0]LogUObjectHash: Compacting FUObjectHashTables data took   0.72ms
[2022.01.30-19.44.02:296][  0]Cmd: MAP CHECKDEP NOCLEARLOG
[2022.01.30-19.44.02:297][  0]MapCheck: Map check complete: 0 Error(s), 0 Warning(s), took 0.823ms to complete.
[2022.01.30-19.44.02:297][  0]LogFileHelpers: Loading map 'Template_Default' took 0.119
[2022.01.30-19.44.02:299][  0]LogUnrealEdMisc: Total Editor Startup Time, took 13.875
[2022.01.30-19.44.02:449][  0]LogSlate: Updating window title bar state: overlay mode, drag disabled, window buttons hidden, title bar hidden
[2022.01.30-19.44.02:456][  0]LogSlate: Updating window title bar state: overlay mode, drag disabled, window buttons hidden, title bar hidden
[2022.01.30-19.44.02:462][  0]LogSlate: Updating window title bar state: overlay mode, drag disabled, window buttons hidden, title bar hidden
[2022.01.30-19.44.02:468][  0]LogSlate: Updating window title bar state: overlay mode, drag disabled, window buttons hidden, title bar hidden
[2022.01.30-19.44.02:492][  0]LogNativeClassHierarchy: Verbose: Native class hierarchy populated in 0.0094 seconds. Added 3814 classes and 921 folders.
[2022.01.30-19.44.02:498][  0]LogNativeClassHierarchy: Verbose: Native class hierarchy updated for 'WidgetCarousel' in 0.0003 seconds. Added 0 classes and 0 folders.
[2022.01.30-19.44.02:502][  0]LogPakFile: PakFile PrimaryIndexSize=187
[2022.01.30-19.44.02:502][  0]LogPakFile: PakFile PathHashIndexSize=101
[2022.01.30-19.44.02:502][  0]LogPakFile: PakFile FullDirectoryIndexSize=148
[2022.01.30-19.44.02:503][  0]LogShaderLibrary: Display: ShaderCodeLibraryPakFileMountedCallback: PakFile 'C:/Program Files/Epic Games/UE_4.27/FeaturePacks/FP_FirstPerson.upack' (chunk index -1, root 'root:/') mounted
[2022.01.30-19.44.02:503][  0]LogShaderLibrary: Display: ShaderCodeLibraryPakFileMountedCallback: pending pak file info (ChunkID:-1 Root:root:/ File:C:/Program Files/Epic Games/UE_4.27/FeaturePacks/FP_FirstPerson.upack)
[2022.01.30-19.44.02:503][  0]LogPakFile: OnPakFileMounted2Time == 0.001228
[2022.01.30-19.44.02:506][  0]LogPakFile: PakFile PrimaryIndexSize=189
[2022.01.30-19.44.02:506][  0]LogPakFile: PakFile PathHashIndexSize=101
[2022.01.30-19.44.02:506][  0]LogPakFile: PakFile FullDirectoryIndexSize=152
[2022.01.30-19.44.02:506][  0]LogShaderLibrary: Display: ShaderCodeLibraryPakFileMountedCallback: PakFile 'C:/Program Files/Epic Games/UE_4.27/FeaturePacks/FP_FirstPersonBP.upack' (chunk index -1, root 'root:/') mounted
[2022.01.30-19.44.02:506][  0]LogShaderLibrary: Display: ShaderCodeLibraryPakFileMountedCallback: pending pak file info (ChunkID:-1 Root:root:/ File:C:/Program Files/Epic Games/UE_4.27/FeaturePacks/FP_FirstPersonBP.upack)
[2022.01.30-19.44.02:506][  0]LogPakFile: OnPakFileMounted2Time == 0.000058
[2022.01.30-19.44.02:509][  0]LogPakFile: PakFile PrimaryIndexSize=191
[2022.01.30-19.44.02:509][  0]LogPakFile: PakFile PathHashIndexSize=101
[2022.01.30-19.44.02:509][  0]LogPakFile: PakFile FullDirectoryIndexSize=160
[2022.01.30-19.44.02:509][  0]LogShaderLibrary: Display: ShaderCodeLibraryPakFileMountedCallback: PakFile 'C:/Program Files/Epic Games/UE_4.27/FeaturePacks/MobileStarterContent.upack' (chunk index -1, root 'root:/') mounted
[2022.01.30-19.44.02:509][  0]LogShaderLibrary: Display: ShaderCodeLibraryPakFileMountedCallback: pending pak file info (ChunkID:-1 Root:root:/ File:C:/Program Files/Epic Games/UE_4.27/FeaturePacks/MobileStarterContent.upack)
[2022.01.30-19.44.02:509][  0]LogPakFile: OnPakFileMounted2Time == 0.000047
[2022.01.30-19.44.02:511][  0]LogPakFile: PakFile PrimaryIndexSize=185
[2022.01.30-19.44.02:511][  0]LogPakFile: PakFile PathHashIndexSize=101
[2022.01.30-19.44.02:511][  0]LogPakFile: PakFile FullDirectoryIndexSize=148
[2022.01.30-19.44.02:511][  0]LogShaderLibrary: Display: ShaderCodeLibraryPakFileMountedCallback: PakFile 'C:/Program Files/Epic Games/UE_4.27/FeaturePacks/StarterContent.upack' (chunk index -1, root 'root:/') mounted
[2022.01.30-19.44.02:511][  0]LogShaderLibrary: Display: ShaderCodeLibraryPakFileMountedCallback: pending pak file info (ChunkID:-1 Root:root:/ File:C:/Program Files/Epic Games/UE_4.27/FeaturePacks/StarterContent.upack)
[2022.01.30-19.44.02:511][  0]LogPakFile: OnPakFileMounted2Time == 0.000043
[2022.01.30-19.44.02:513][  0]LogPakFile: PakFile PrimaryIndexSize=190
[2022.01.30-19.44.02:513][  0]LogPakFile: PakFile PathHashIndexSize=101
[2022.01.30-19.44.02:513][  0]LogPakFile: PakFile FullDirectoryIndexSize=154
[2022.01.30-19.44.02:513][  0]LogShaderLibrary: Display: ShaderCodeLibraryPakFileMountedCallback: PakFile 'C:/Program Files/Epic Games/UE_4.27/FeaturePacks/TP_2DSideScroller.upack' (chunk index -1, root 'root:/') mounted
[2022.01.30-19.44.02:513][  0]LogShaderLibrary: Display: ShaderCodeLibraryPakFileMountedCallback: pending pak file info (ChunkID:-1 Root:root:/ File:C:/Program Files/Epic Games/UE_4.27/FeaturePacks/TP_2DSideScroller.upack)
[2022.01.30-19.44.02:513][  0]LogPakFile: OnPakFileMounted2Time == 0.000046
[2022.01.30-19.44.02:515][  0]LogPakFile: PakFile PrimaryIndexSize=192
[2022.01.30-19.44.02:515][  0]LogPakFile: PakFile PathHashIndexSize=101
[2022.01.30-19.44.02:515][  0]LogPakFile: PakFile FullDirectoryIndexSize=158
[2022.01.30-19.44.02:515][  0]LogShaderLibrary: Display: ShaderCodeLibraryPakFileMountedCallback: PakFile 'C:/Program Files/Epic Games/UE_4.27/FeaturePacks/TP_2DSideScrollerBP.upack' (chunk index -1, root 'root:/') mounted
[2022.01.30-19.44.02:515][  0]LogShaderLibrary: Display: ShaderCodeLibraryPakFileMountedCallback: pending pak file info (ChunkID:-1 Root:root:/ File:C:/Program Files/Epic Games/UE_4.27/FeaturePacks/TP_2DSideScrollerBP.upack)
[2022.01.30-19.44.02:515][  0]LogPakFile: OnPakFileMounted2Time == 0.000047
[2022.01.30-19.44.02:516][  0]LogPakFile: PakFile PrimaryIndexSize=182
[2022.01.30-19.44.02:516][  0]LogPakFile: PakFile PathHashIndexSize=101
[2022.01.30-19.44.02:516][  0]LogPakFile: PakFile FullDirectoryIndexSize=138
[2022.01.30-19.44.02:516][  0]LogShaderLibrary: Display: ShaderCodeLibraryPakFileMountedCallback: PakFile 'C:/Program Files/Epic Games/UE_4.27/FeaturePacks/TP_Flying.upack' (chunk index -1, root 'root:/') mounted
[2022.01.30-19.44.02:516][  0]LogShaderLibrary: Display: ShaderCodeLibraryPakFileMountedCallback: pending pak file info (ChunkID:-1 Root:root:/ File:C:/Program Files/Epic Games/UE_4.27/FeaturePacks/TP_Flying.upack)
[2022.01.30-19.44.02:516][  0]LogPakFile: OnPakFileMounted2Time == 0.000042
[2022.01.30-19.44.02:519][  0]LogPakFile: PakFile PrimaryIndexSize=184
[2022.01.30-19.44.02:519][  0]LogPakFile: PakFile PathHashIndexSize=101
[2022.01.30-19.44.02:519][  0]LogPakFile: PakFile FullDirectoryIndexSize=142
[2022.01.30-19.44.02:519][  0]LogShaderLibrary: Display: ShaderCodeLibraryPakFileMountedCallback: PakFile 'C:/Program Files/Epic Games/UE_4.27/FeaturePacks/TP_FlyingBP.upack' (chunk index -1, root 'root:/') mounted
[2022.01.30-19.44.02:519][  0]LogShaderLibrary: Display: ShaderCodeLibraryPakFileMountedCallback: pending pak file info (ChunkID:-1 Root:root:/ File:C:/Program Files/Epic Games/UE_4.27/FeaturePacks/TP_FlyingBP.upack)
[2022.01.30-19.44.02:519][  0]LogPakFile: OnPakFileMounted2Time == 0.000047
[2022.01.30-19.44.02:522][  0]LogPakFile: PakFile PrimaryIndexSize=188
[2022.01.30-19.44.02:522][  0]LogPakFile: PakFile PathHashIndexSize=101
[2022.01.30-19.44.02:522][  0]LogPakFile: PakFile FullDirectoryIndexSize=150
[2022.01.30-19.44.02:522][  0]LogShaderLibrary: Display: ShaderCodeLibraryPakFileMountedCallback: PakFile 'C:/Program Files/Epic Games/UE_4.27/FeaturePacks/TP_HandheldARBP.upack' (chunk index -1, root 'root:/') mounted
[2022.01.30-19.44.02:522][  0]LogShaderLibrary: Display: ShaderCodeLibraryPakFileMountedCallback: pending pak file info (ChunkID:-1 Root:root:/ File:C:/Program Files/Epic Games/UE_4.27/FeaturePacks/TP_HandheldARBP.upack)
[2022.01.30-19.44.02:522][  0]LogPakFile: OnPakFileMounted2Time == 0.000048
[2022.01.30-19.44.02:527][  0]LogPakFile: PakFile PrimaryIndexSize=182
[2022.01.30-19.44.02:527][  0]LogPakFile: PakFile PathHashIndexSize=101
[2022.01.30-19.44.02:527][  0]LogPakFile: PakFile FullDirectoryIndexSize=138
[2022.01.30-19.44.02:527][  0]LogShaderLibrary: Display: ShaderCodeLibraryPakFileMountedCallback: PakFile 'C:/Program Files/Epic Games/UE_4.27/FeaturePacks/TP_Puzzle.upack' (chunk index -1, root 'root:/') mounted
[2022.01.30-19.44.02:527][  0]LogShaderLibrary: Display: ShaderCodeLibraryPakFileMountedCallback: pending pak file info (ChunkID:-1 Root:root:/ File:C:/Program Files/Epic Games/UE_4.27/FeaturePacks/TP_Puzzle.upack)
[2022.01.30-19.44.02:527][  0]LogPakFile: OnPakFileMounted2Time == 0.000044
[2022.01.30-19.44.02:529][  0]LogPakFile: PakFile PrimaryIndexSize=184
[2022.01.30-19.44.02:529][  0]LogPakFile: PakFile PathHashIndexSize=101
[2022.01.30-19.44.02:529][  0]LogPakFile: PakFile FullDirectoryIndexSize=142
[2022.01.30-19.44.02:529][  0]LogShaderLibrary: Display: ShaderCodeLibraryPakFileMountedCallback: PakFile 'C:/Program Files/Epic Games/UE_4.27/FeaturePacks/TP_PuzzleBP.upack' (chunk index -1, root 'root:/') mounted
[2022.01.30-19.44.02:529][  0]LogShaderLibrary: Display: ShaderCodeLibraryPakFileMountedCallback: pending pak file info (ChunkID:-1 Root:root:/ File:C:/Program Files/Epic Games/UE_4.27/FeaturePacks/TP_PuzzleBP.upack)
[2022.01.30-19.44.02:529][  0]LogPakFile: OnPakFileMounted2Time == 0.000046
[2022.01.30-19.44.02:532][  0]LogPakFile: PakFile PrimaryIndexSize=183
[2022.01.30-19.44.02:532][  0]LogPakFile: PakFile PathHashIndexSize=101
[2022.01.30-19.44.02:532][  0]LogPakFile: PakFile FullDirectoryIndexSize=140
[2022.01.30-19.44.02:532][  0]LogShaderLibrary: Display: ShaderCodeLibraryPakFileMountedCallback: PakFile 'C:/Program Files/Epic Games/UE_4.27/FeaturePacks/TP_Rolling.upack' (chunk index -1, root 'root:/') mounted
[2022.01.30-19.44.02:532][  0]LogShaderLibrary: Display: ShaderCodeLibraryPakFileMountedCallback: pending pak file info (ChunkID:-1 Root:root:/ File:C:/Program Files/Epic Games/UE_4.27/FeaturePacks/TP_Rolling.upack)
[2022.01.30-19.44.02:532][  0]LogPakFile: OnPakFileMounted2Time == 0.000045
[2022.01.30-19.44.02:534][  0]LogPakFile: PakFile PrimaryIndexSize=185
[2022.01.30-19.44.02:534][  0]LogPakFile: PakFile PathHashIndexSize=101
[2022.01.30-19.44.02:534][  0]LogPakFile: PakFile FullDirectoryIndexSize=144
[2022.01.30-19.44.02:534][  0]LogShaderLibrary: Display: ShaderCodeLibraryPakFileMountedCallback: PakFile 'C:/Program Files/Epic Games/UE_4.27/FeaturePacks/TP_RollingBP.upack' (chunk index -1, root 'root:/') mounted
[2022.01.30-19.44.02:534][  0]LogShaderLibrary: Display: ShaderCodeLibraryPakFileMountedCallback: pending pak file info (ChunkID:-1 Root:root:/ File:C:/Program Files/Epic Games/UE_4.27/FeaturePacks/TP_RollingBP.upack)
[2022.01.30-19.44.02:534][  0]LogPakFile: OnPakFileMounted2Time == 0.000054
[2022.01.30-19.44.02:535][  0]LogPakFile: PakFile PrimaryIndexSize=188
[2022.01.30-19.44.02:535][  0]LogPakFile: PakFile PathHashIndexSize=101
[2022.01.30-19.44.02:535][  0]LogPakFile: PakFile FullDirectoryIndexSize=150
[2022.01.30-19.44.02:535][  0]LogShaderLibrary: Display: ShaderCodeLibraryPakFileMountedCallback: PakFile 'C:/Program Files/Epic Games/UE_4.27/FeaturePacks/TP_SideScroller.upack' (chunk index -1, root 'root:/') mounted
[2022.01.30-19.44.02:536][  0]LogShaderLibrary: Display: ShaderCodeLibraryPakFileMountedCallback: pending pak file info (ChunkID:-1 Root:root:/ File:C:/Program Files/Epic Games/UE_4.27/FeaturePacks/TP_SideScroller.upack)
[2022.01.30-19.44.02:536][  0]LogPakFile: OnPakFileMounted2Time == 0.000061
[2022.01.30-19.44.02:537][  0]LogPakFile: PakFile PrimaryIndexSize=190
[2022.01.30-19.44.02:537][  0]LogPakFile: PakFile PathHashIndexSize=101
[2022.01.30-19.44.02:537][  0]LogPakFile: PakFile FullDirectoryIndexSize=154
[2022.01.30-19.44.02:537][  0]LogShaderLibrary: Display: ShaderCodeLibraryPakFileMountedCallback: PakFile 'C:/Program Files/Epic Games/UE_4.27/FeaturePacks/TP_SideScrollerBP.upack' (chunk index -1, root 'root:/') mounted
[2022.01.30-19.44.02:537][  0]LogShaderLibrary: Display: ShaderCodeLibraryPakFileMountedCallback: pending pak file info (ChunkID:-1 Root:root:/ File:C:/Program Files/Epic Games/UE_4.27/FeaturePacks/TP_SideScrollerBP.upack)
[2022.01.30-19.44.02:537][  0]LogPakFile: OnPakFileMounted2Time == 0.000050
[2022.01.30-19.44.02:539][  0]LogPakFile: PakFile PrimaryIndexSize=187
[2022.01.30-19.44.02:539][  0]LogPakFile: PakFile PathHashIndexSize=101
[2022.01.30-19.44.02:539][  0]LogPakFile: PakFile FullDirectoryIndexSize=148
[2022.01.30-19.44.02:539][  0]LogShaderLibrary: Display: ShaderCodeLibraryPakFileMountedCallback: PakFile 'C:/Program Files/Epic Games/UE_4.27/FeaturePacks/TP_ThirdPerson.upack' (chunk index -1, root 'root:/') mounted
[2022.01.30-19.44.02:539][  0]LogShaderLibrary: Display: ShaderCodeLibraryPakFileMountedCallback: pending pak file info (ChunkID:-1 Root:root:/ File:C:/Program Files/Epic Games/UE_4.27/FeaturePacks/TP_ThirdPerson.upack)
[2022.01.30-19.44.02:539][  0]LogPakFile: OnPakFileMounted2Time == 0.000046
[2022.01.30-19.44.02:541][  0]LogPakFile: PakFile PrimaryIndexSize=189
[2022.01.30-19.44.02:541][  0]LogPakFile: PakFile PathHashIndexSize=101
[2022.01.30-19.44.02:541][  0]LogPakFile: PakFile FullDirectoryIndexSize=152
[2022.01.30-19.44.02:541][  0]LogShaderLibrary: Display: ShaderCodeLibraryPakFileMountedCallback: PakFile 'C:/Program Files/Epic Games/UE_4.27/FeaturePacks/TP_ThirdPersonBP.upack' (chunk index -1, root 'root:/') mounted
[2022.01.30-19.44.02:541][  0]LogShaderLibrary: Display: ShaderCodeLibraryPakFileMountedCallback: pending pak file info (ChunkID:-1 Root:root:/ File:C:/Program Files/Epic Games/UE_4.27/FeaturePacks/TP_ThirdPersonBP.upack)
[2022.01.30-19.44.02:541][  0]LogPakFile: OnPakFileMounted2Time == 0.000046
[2022.01.30-19.44.02:543][  0]LogPakFile: PakFile PrimaryIndexSize=183
[2022.01.30-19.44.02:543][  0]LogPakFile: PakFile PathHashIndexSize=101
[2022.01.30-19.44.02:543][  0]LogPakFile: PakFile FullDirectoryIndexSize=140
[2022.01.30-19.44.02:543][  0]LogShaderLibrary: Display: ShaderCodeLibraryPakFileMountedCallback: PakFile 'C:/Program Files/Epic Games/UE_4.27/FeaturePacks/TP_TopDown.upack' (chunk index -1, root 'root:/') mounted
[2022.01.30-19.44.02:543][  0]LogShaderLibrary: Display: ShaderCodeLibraryPakFileMountedCallback: pending pak file info (ChunkID:-1 Root:root:/ File:C:/Program Files/Epic Games/UE_4.27/FeaturePacks/TP_TopDown.upack)
[2022.01.30-19.44.02:543][  0]LogPakFile: OnPakFileMounted2Time == 0.000090
[2022.01.30-19.44.02:545][  0]LogPakFile: PakFile PrimaryIndexSize=185
[2022.01.30-19.44.02:545][  0]LogPakFile: PakFile PathHashIndexSize=101
[2022.01.30-19.44.02:545][  0]LogPakFile: PakFile FullDirectoryIndexSize=144
[2022.01.30-19.44.02:545][  0]LogShaderLibrary: Display: ShaderCodeLibraryPakFileMountedCallback: PakFile 'C:/Program Files/Epic Games/UE_4.27/FeaturePacks/TP_TopDownBP.upack' (chunk index -1, root 'root:/') mounted
[2022.01.30-19.44.02:545][  0]LogShaderLibrary: Display: ShaderCodeLibraryPakFileMountedCallback: pending pak file info (ChunkID:-1 Root:root:/ File:C:/Program Files/Epic Games/UE_4.27/FeaturePacks/TP_TopDownBP.upack)
[2022.01.30-19.44.02:545][  0]LogPakFile: OnPakFileMounted2Time == 0.000049
[2022.01.30-19.44.02:547][  0]LogPakFile: PakFile PrimaryIndexSize=185
[2022.01.30-19.44.02:547][  0]LogPakFile: PakFile PathHashIndexSize=101
[2022.01.30-19.44.02:547][  0]LogPakFile: PakFile FullDirectoryIndexSize=144
[2022.01.30-19.44.02:547][  0]LogShaderLibrary: Display: ShaderCodeLibraryPakFileMountedCallback: PakFile 'C:/Program Files/Epic Games/UE_4.27/FeaturePacks/TP_TwinStick.upack' (chunk index -1, root 'root:/') mounted
[2022.01.30-19.44.02:547][  0]LogShaderLibrary: Display: ShaderCodeLibraryPakFileMountedCallback: pending pak file info (ChunkID:-1 Root:root:/ File:C:/Program Files/Epic Games/UE_4.27/FeaturePacks/TP_TwinStick.upack)
[2022.01.30-19.44.02:547][  0]LogPakFile: OnPakFileMounted2Time == 0.000079
[2022.01.30-19.44.02:549][  0]LogPakFile: PakFile PrimaryIndexSize=187
[2022.01.30-19.44.02:549][  0]LogPakFile: PakFile PathHashIndexSize=101
[2022.01.30-19.44.02:549][  0]LogPakFile: PakFile FullDirectoryIndexSize=148
[2022.01.30-19.44.02:549][  0]LogShaderLibrary: Display: ShaderCodeLibraryPakFileMountedCallback: PakFile 'C:/Program Files/Epic Games/UE_4.27/FeaturePacks/TP_TwinStickBP.upack' (chunk index -1, root 'root:/') mounted
[2022.01.30-19.44.02:549][  0]LogShaderLibrary: Display: ShaderCodeLibraryPakFileMountedCallback: pending pak file info (ChunkID:-1 Root:root:/ File:C:/Program Files/Epic Games/UE_4.27/FeaturePacks/TP_TwinStickBP.upack)
[2022.01.30-19.44.02:549][  0]LogPakFile: OnPakFileMounted2Time == 0.000052
[2022.01.30-19.44.02:551][  0]LogPakFile: PakFile PrimaryIndexSize=183
[2022.01.30-19.44.02:551][  0]LogPakFile: PakFile PathHashIndexSize=101
[2022.01.30-19.44.02:551][  0]LogPakFile: PakFile FullDirectoryIndexSize=140
[2022.01.30-19.44.02:551][  0]LogShaderLibrary: Display: ShaderCodeLibraryPakFileMountedCallback: PakFile 'C:/Program Files/Epic Games/UE_4.27/FeaturePacks/TP_Vehicle.upack' (chunk index -1, root 'root:/') mounted
[2022.01.30-19.44.02:551][  0]LogShaderLibrary: Display: ShaderCodeLibraryPakFileMountedCallback: pending pak file info (ChunkID:-1 Root:root:/ File:C:/Program Files/Epic Games/UE_4.27/FeaturePacks/TP_Vehicle.upack)
[2022.01.30-19.44.02:551][  0]LogPakFile: OnPakFileMounted2Time == 0.000042
[2022.01.30-19.44.02:553][  0]LogPakFile: PakFile PrimaryIndexSize=186
[2022.01.30-19.44.02:553][  0]LogPakFile: PakFile PathHashIndexSize=101
[2022.01.30-19.44.02:553][  0]LogPakFile: PakFile FullDirectoryIndexSize=146
[2022.01.30-19.44.02:553][  0]LogShaderLibrary: Display: ShaderCodeLibraryPakFileMountedCallback: PakFile 'C:/Program Files/Epic Games/UE_4.27/FeaturePacks/TP_VehicleAdv.upack' (chunk index -1, root 'root:/') mounted
[2022.01.30-19.44.02:553][  0]LogShaderLibrary: Display: ShaderCodeLibraryPakFileMountedCallback: pending pak file info (ChunkID:-1 Root:root:/ File:C:/Program Files/Epic Games/UE_4.27/FeaturePacks/TP_VehicleAdv.upack)
[2022.01.30-19.44.02:553][  0]LogPakFile: OnPakFileMounted2Time == 0.000048
[2022.01.30-19.44.02:555][  0]LogPakFile: PakFile PrimaryIndexSize=188
[2022.01.30-19.44.02:555][  0]LogPakFile: PakFile PathHashIndexSize=101
[2022.01.30-19.44.02:555][  0]LogPakFile: PakFile FullDirectoryIndexSize=150
[2022.01.30-19.44.02:555][  0]LogShaderLibrary: Display: ShaderCodeLibraryPakFileMountedCallback: PakFile 'C:/Program Files/Epic Games/UE_4.27/FeaturePacks/TP_VehicleAdvBP.upack' (chunk index -1, root 'root:/') mounted
[2022.01.30-19.44.02:555][  0]LogShaderLibrary: Display: ShaderCodeLibraryPakFileMountedCallback: pending pak file info (ChunkID:-1 Root:root:/ File:C:/Program Files/Epic Games/UE_4.27/FeaturePacks/TP_VehicleAdvBP.upack)
[2022.01.30-19.44.02:555][  0]LogPakFile: OnPakFileMounted2Time == 0.000049
[2022.01.30-19.44.02:557][  0]LogPakFile: PakFile PrimaryIndexSize=185
[2022.01.30-19.44.02:557][  0]LogPakFile: PakFile PathHashIndexSize=101
[2022.01.30-19.44.02:557][  0]LogPakFile: PakFile FullDirectoryIndexSize=144
[2022.01.30-19.44.02:557][  0]LogShaderLibrary: Display: ShaderCodeLibraryPakFileMountedCallback: PakFile 'C:/Program Files/Epic Games/UE_4.27/FeaturePacks/TP_VehicleBP.upack' (chunk index -1, root 'root:/') mounted
[2022.01.30-19.44.02:557][  0]LogShaderLibrary: Display: ShaderCodeLibraryPakFileMountedCallback: pending pak file info (ChunkID:-1 Root:root:/ File:C:/Program Files/Epic Games/UE_4.27/FeaturePacks/TP_VehicleBP.upack)
[2022.01.30-19.44.02:557][  0]LogPakFile: OnPakFileMounted2Time == 0.000048
[2022.01.30-19.44.02:559][  0]LogPakFile: PakFile PrimaryIndexSize=192
[2022.01.30-19.44.02:559][  0]LogPakFile: PakFile PathHashIndexSize=101
[2022.01.30-19.44.02:559][  0]LogPakFile: PakFile FullDirectoryIndexSize=158
[2022.01.30-19.44.02:559][  0]LogShaderLibrary: Display: ShaderCodeLibraryPakFileMountedCallback: PakFile 'C:/Program Files/Epic Games/UE_4.27/FeaturePacks/TP_VirtualRealityBP.upack' (chunk index -1, root 'root:/') mounted
[2022.01.30-19.44.02:559][  0]LogShaderLibrary: Display: ShaderCodeLibraryPakFileMountedCallback: pending pak file info (ChunkID:-1 Root:root:/ File:C:/Program Files/Epic Games/UE_4.27/FeaturePacks/TP_VirtualRealityBP.upack)
[2022.01.30-19.44.02:559][  0]LogPakFile: OnPakFileMounted2Time == 0.000045
[2022.01.30-19.44.02:725][  0]LogNativeClassHierarchy: Verbose: Native class hierarchy updated for 'AddContentDialog' in 0.0002 seconds. Added 0 classes and 0 folders.
[2022.01.30-19.44.02:726][  0]LogNativeClassHierarchy: Verbose: Native class hierarchy updated for 'SceneOutliner' in 0.0002 seconds. Added 2 classes and 0 folders.
[2022.01.30-19.44.02:808][  0]LogSlate: The tab "ComposureLayers" attempted to spawn in layout 'LevelEditor_Layout_v1.2' but failed for some reason. It will not be displayed.
[2022.01.30-19.44.02:871][  0]LogSlate: Took 0.001633 seconds to synchronously load lazily loaded font '../../../Engine/Content/Slate/Fonts/Roboto-Regular.ttf' (155K)
[2022.01.30-19.44.02:873][  0]LogSlate: Took 0.001095 seconds to synchronously load lazily loaded font '../../../Engine/Content/Editor/Slate/Fonts/FontAwesome.ttf' (139K)
[2022.01.30-19.44.02:876][  0]LogSlate: Took 0.001542 seconds to synchronously load lazily loaded font '../../../Engine/Content/Slate/Fonts/Roboto-Bold.ttf' (160K)
[2022.01.30-19.44.02:966][  0]LogRenderer: Reallocating scene render targets to support 1196x472 Format 10 NumSamples 1 (Frame:1).
[2022.01.30-19.44.03:067][  0]LogNativeClassHierarchy: Verbose: Native class hierarchy updated for 'HierarchicalLODOutliner' in 0.0002 seconds. Added 0 classes and 0 folders.
[2022.01.30-19.44.03:067][  0]LogLoad: (Engine Initialization) Total time: 14.64 seconds
[2022.01.30-19.44.03:067][  0]LogLoad: (Engine Initialization) Total Blueprint compile time: 0.00 seconds
[2022.01.30-19.44.03:110][  0]LogAssetRegistry: Asset discovery search completed in 7.1917 seconds
[2022.01.30-19.44.03:119][  0]LogCollectionManager: Fixed up redirectors for 0 collections in 0.000003 seconds (updated 0 objects)
[2022.01.30-19.44.03:120][  0]LogContentStreaming: Texture pool size now 1000 MB
